This is pdfTeX, Version 3.141592653-2.6-1.40.22 (TeX Live 2021/Arch Linux) (preloaded format=pdflatex 2021.11.24)  26 DEC 2021 20:31
entering extended mode
 restricted \write18 enabled.
 file:line:error style messages enabled.
 %&-line parsing enabled.
**mscript_mck.tex
(./mscript_mck.tex
LaTeX2e <2020-10-01> patch level 4
L3 programming layer <2021-02-18> (/usr/share/texmf-dist/tex/latex/revtex/revtex4-2.cls
Document Class: revtex4-2 2020/10/03 4.2e (https://journals.aps.org/revtex/ for documentation)
 Copyright (c) 2019 American Physical Society.
 mailto:revtex@aps.org
 Licensed under the LPPL:
http://www.ctan.org/tex-archive/macros/latex/base/lppl.txt
 Arthur Ogawa <arthur_ogawa at sbcglobal dot net>
 Based on work by David Carlisle <david at dcarlisle.demon.co.uk>
 Version (4.2d,4.2e): Modified by Mark Doyle and Phelype Oleinik
 .
ltxutil[2020/10/03 4.2e utilities package (portions licensed from W. E. Baxter web at superscript.com)]
LaTeX Info: Redefining \@centercr on input line 356.
Class revtex4-2 Info: Repairing broken LaTeX eqnarray on input line 406.
\eqncolsep=\skip47
Class revtex4-2 Info: Repairing hyperref-unfriendly LaTeX definition of \mpfootnote on input line 481.
Class revtex4-2 Info: Repairing broken LateX \@sect on input line 803.
\intertabularlinepenalty=\count179
\@tbpen=\count180
\@arstrutbox@hline=\box47
Class revtex4-2 Info: Repairing broken LaTeX \@xbitor on input line 1834.
Class revtex4-2 Info: Making \typeout \long on input line 2099.
ltxfront[2020/10/03 4.2e frontmatter package (AO,DPC,MD)]
\c@affil=\count181
\c@collab=\count182
\absbox=\box48
ltxgrid[2020/10/03 4.2e page grid package (portions licensed from W. E. Baxter web at superscript.com)]
\c@linecount=\count183
\output@latex=\toks15
\box@size@1=\box49
\box@size@2=\box50
\@protection@box=\box51
\@topmark@saved=\toks16
\footins@saved=\box52
\footins@recovered=\box53
\column@recovered=\box54
\pagesofar=\box55
\footsofar=\box56
\pagegrid@col=\count184
Class revtex4-2 Info: Overriding \@vspace, \@vspacer, \@no@pgbk, \@newline, and \\  on input line 5665.
\c@part=\count185
\c@section=\count186
\c@subsection=\count187
\c@subsubsection=\count188
\c@paragraph=\count189
\c@subparagraph=\count190
\abovecaptionskip=\skip48
\belowcaptionskip=\skip49
\c@figure=\count191
\fbox@1=\box57
\c@table=\count192
\fbox@2=\box58
\c@video=\count193
\fbox@4=\box59
\@bibdataout=\write3
\widetext@top=\box60
\widetext@bot=\box61

Class revtex4-2 Warning: No Society specified, using default society aps.

(/usr/share/texmf-dist/tex/latex/revtex/aps4-2.rtx
File: aps4-2 2020/10/03 4.2e (https://journals.aps.org/revtex/ for documentation)
Class revtex4-2 Info: RevTeX society APS selected on input line 40.
)
Class revtex4-2 Info: Selecting journal prb on input line 7660.
Class revtex4-2 Info: APS journal PRB selected on input line 7661.
 (/usr/share/texmf-dist/tex/latex/revtex/aps10pt4-2.rtx
File: aps10pt4-2 2020/10/03 4.2e (https://journals.aps.org/revtex/ for documentation)
Class revtex4-2 Info: RevTeX pointsize 10pt selected on input line 39.
) (/usr/share/texmf-dist/tex/latex/textcase/textcase.sty
Package: textcase 2019/09/14 v1.00 Text only upper/lower case changing (DPC)
) (/usr/share/texmf-dist/tex/latex/url/url.sty
\Urlmuskip=\muskip16
Package: url 2013/09/16  ver 3.4  Verb mode for urls, etc.
) (/usr/share/texmf-dist/tex/latex/natbib/natbib.sty
Package: natbib 2010/09/13 8.31b (PWD, AO)
\bibhang=\skip50
\bibsep=\skip51
LaTeX Info: Redefining \cite on input line 694.
\c@NAT@ctr=\count194
)
Class revtex4-2 Info: Repairing natbib's \BibitemShut on input line 7665.
 (/usr/share/texmf-dist/tex/latex/revtex/revsymb4-2.sty
Package: revsymb4-2 2020/10/03 4.2e (https://journals.aps.org/revtex/ for documentation)
LaTeX Info: Redefining \REV@mathfrak on input line 128.
)) (/usr/share/texmf-dist/tex/latex/braket/braket.sty) (/usr/share/texmf-dist/tex/latex/amsmath/amsmath.sty
Package: amsmath 2020/09/23 v2.17i AMS math features
\@mathmargin=\skip52

For additional information on amsmath, use the `?' option.
(/usr/share/texmf-dist/tex/latex/amsmath/amstext.sty
Package: amstext 2000/06/29 v2.01 AMS text
 (/usr/share/texmf-dist/tex/latex/amsmath/amsgen.sty
File: amsgen.sty 1999/11/30 v2.0 generic functions
\@emptytoks=\toks17
\ex@=\dimen138
)
LaTeX Info: Redefining \text on input line 28.
) (/usr/share/texmf-dist/tex/latex/amsmath/amsbsy.sty
Package: amsbsy 1999/11/29 v1.2d Bold Symbols
\pmbraise@=\dimen139
) (/usr/share/texmf-dist/tex/latex/amsmath/amsopn.sty
Package: amsopn 2016/03/08 v2.02 operator names
)
\inf@bad=\count195
LaTeX Info: Redefining \frac on input line 234.
\uproot@=\count196
\leftroot@=\count197
LaTeX Info: Redefining \overline on input line 399.
\classnum@=\count198
\DOTSCASE@=\count199
LaTeX Info: Redefining \ldots on input line 496.
LaTeX Info: Redefining \dots on input line 499.
LaTeX Info: Redefining \cdots on input line 620.
\Mathstrutbox@=\box62
\strutbox@=\box63
\big@size=\dimen140
LaTeX Font Info:    Redeclaring font encoding OML on input line 743.
LaTeX Font Info:    Redeclaring font encoding OMS on input line 744.
\macc@depth=\count266
\c@MaxMatrixCols=\count267
\dotsspace@=\muskip17
\c@parentequation=\count268
\dspbrk@lvl=\count269
\tag@help=\toks18
\row@=\count270
\column@=\count271
\maxfields@=\count272
\andhelp@=\toks19
\eqnshift@=\dimen141
\alignsep@=\dimen142
\tagshift@=\dimen143
\tagwidth@=\dimen144
\totwidth@=\dimen145
\lineht@=\dimen146
\@envbody=\toks20
\multlinegap=\skip53
\multlinetaggap=\skip54
\mathdisplay@stack=\toks21
LaTeX Info: Redefining \[ on input line 2923.
LaTeX Info: Redefining \] on input line 2924.
) (/usr/share/texmf-dist/tex/latex/amsfonts/amssymb.sty
Package: amssymb 2013/01/14 v3.01 AMS font symbols
 (/usr/share/texmf-dist/tex/latex/amsfonts/amsfonts.sty
Package: amsfonts 2013/01/14 v3.01 Basic AMSFonts support
\symAMSa=\mathgroup4
\symAMSb=\mathgroup5
LaTeX Font Info:    Redeclaring math symbol \hbar on input line 98.
LaTeX Font Info:    Overwriting math alphabet `\mathfrak' in version `bold'
(Font)                  U/euf/m/n --> U/euf/b/n on input line 106.
LaTeX Info: Redefining \frak on input line 111.
LaTeX Info: Redefining \Bbb on input line 113.
)) (/usr/share/texmf-dist/tex/latex/graphics/graphicx.sty
Package: graphicx 2020/09/09 v1.2b Enhanced LaTeX Graphics (DPC,SPQR)
 (/usr/share/texmf-dist/tex/latex/graphics/keyval.sty
Package: keyval 2014/10/28 v1.15 key=value parser (DPC)
\KV@toks@=\toks22
) (/usr/share/texmf-dist/tex/latex/graphics/graphics.sty
Package: graphics 2020/08/30 v1.4c Standard LaTeX Graphics (DPC,SPQR)
 (/usr/share/texmf-dist/tex/latex/graphics/trig.sty
Package: trig 2016/01/03 v1.10 sin cos tan (DPC)
) (/usr/share/texmf-dist/tex/latex/graphics-cfg/graphics.cfg
File: graphics.cfg 2016/06/04 v1.11 sample graphics configuration
)
Package graphics Info: Driver file: pdftex.def on input line 105.
 (/usr/share/texmf-dist/tex/latex/graphics-def/pdftex.def
File: pdftex.def 2020/10/05 v1.2a Graphics/color driver for pdftex
))
\Gin@req@height=\dimen147
\Gin@req@width=\dimen148
) (/usr/share/texmf-dist/tex/latex/float/float.sty
Package: float 2001/11/08 v1.3d Float enhancements (AL)
\c@float@type=\count273
\float@exts=\toks23
\float@box=\box64
\@float@everytoks=\toks24
\@floatcapt=\box65
) (/usr/share/texmf-dist/tex/latex/hyperref/hyperref.sty
Package: hyperref 2021-02-27 v7.00k Hypertext links for LaTeX
 (/usr/share/texmf-dist/tex/generic/ltxcmds/ltxcmds.sty
Package: ltxcmds 2020-05-10 v1.25 LaTeX kernel commands for general use (HO)
) (/usr/share/texmf-dist/tex/generic/iftex/iftex.sty
Package: iftex 2020/03/06 v1.0d TeX engine tests
) (/usr/share/texmf-dist/tex/generic/pdftexcmds/pdftexcmds.sty
Package: pdftexcmds 2020-06-27 v0.33 Utility functions of pdfTeX for LuaTeX (HO)
 (/usr/share/texmf-dist/tex/generic/infwarerr/infwarerr.sty
Package: infwarerr 2019/12/03 v1.5 Providing info/warning/error messages (HO)
)
Package pdftexcmds Info: \pdf@primitive is available.
Package pdftexcmds Info: \pdf@ifprimitive is available.
Package pdftexcmds Info: \pdfdraftmode found.
) (/usr/share/texmf-dist/tex/generic/kvsetkeys/kvsetkeys.sty
Package: kvsetkeys 2019/12/15 v1.18 Key value parser (HO)
) (/usr/share/texmf-dist/tex/generic/kvdefinekeys/kvdefinekeys.sty
Package: kvdefinekeys 2019-12-19 v1.6 Define keys (HO)
) (/usr/share/texmf-dist/tex/generic/pdfescape/pdfescape.sty
Package: pdfescape 2019/12/09 v1.15 Implements pdfTeX's escape features (HO)
) (/usr/share/texmf-dist/tex/latex/hycolor/hycolor.sty
Package: hycolor 2020-01-27 v1.10 Color options for hyperref/bookmark (HO)
) (/usr/share/texmf-dist/tex/latex/letltxmacro/letltxmacro.sty
Package: letltxmacro 2019/12/03 v1.6 Let assignment for LaTeX macros (HO)
) (/usr/share/texmf-dist/tex/latex/auxhook/auxhook.sty
Package: auxhook 2019-12-17 v1.6 Hooks for auxiliary files (HO)
) (/usr/share/texmf-dist/tex/latex/kvoptions/kvoptions.sty
Package: kvoptions 2020-10-07 v3.14 Key value format for package options (HO)
)
\@linkdim=\dimen149
\Hy@linkcounter=\count274
\Hy@pagecounter=\count275
 (/usr/share/texmf-dist/tex/latex/hyperref/pd1enc.def
File: pd1enc.def 2021-02-27 v7.00k Hyperref: PDFDocEncoding definition (HO)
Now handling font encoding PD1 ...
... no UTF-8 mapping file for font encoding PD1
) (/usr/share/texmf-dist/tex/latex/hyperref/hyperref-langpatches.def
File: hyperref-langpatches.def 2021-02-27 v7.00k Hyperref: patches for babel languages
) (/usr/share/texmf-dist/tex/generic/intcalc/intcalc.sty
Package: intcalc 2019/12/15 v1.3 Expandable calculations with integers (HO)
) (/usr/share/texmf-dist/tex/generic/etexcmds/etexcmds.sty
Package: etexcmds 2019/12/15 v1.7 Avoid name clashes with e-TeX commands (HO)
)
\Hy@SavedSpaceFactor=\count276
 (/usr/share/texmf-dist/tex/latex/hyperref/puenc.def
File: puenc.def 2021-02-27 v7.00k Hyperref: PDF Unicode definition (HO)
Now handling font encoding PU ...
... no UTF-8 mapping file for font encoding PU
)
Package hyperref Info: Hyper figures OFF on input line 4192.
Package hyperref Info: Link nesting OFF on input line 4197.
Package hyperref Info: Hyper index ON on input line 4200.
Package hyperref Info: Plain pages OFF on input line 4207.
Package hyperref Info: Backreferencing OFF on input line 4212.
Package hyperref Info: Implicit mode ON; LaTeX internals redefined.
Package hyperref Info: Bookmarks ON on input line 4445.
LaTeX Info: Redefining \href on input line 4715.
\c@Hy@tempcnt=\count277
LaTeX Info: Redefining \url on input line 4804.
\XeTeXLinkMargin=\dimen150
 (/usr/share/texmf-dist/tex/generic/bitset/bitset.sty
Package: bitset 2019/12/09 v1.3 Handle bit-vector datatype (HO)
 (/usr/share/texmf-dist/tex/generic/bigintcalc/bigintcalc.sty
Package: bigintcalc 2019/12/15 v1.5 Expandable calculations on big integers (HO)
))
\Fld@menulength=\count278
\Field@Width=\dimen151
\Fld@charsize=\dimen152
Package hyperref Info: Hyper figures OFF on input line 6075.
Package hyperref Info: Link nesting OFF on input line 6080.
Package hyperref Info: Hyper index ON on input line 6083.
Package hyperref Info: backreferencing OFF on input line 6090.
Package hyperref Info: Link coloring OFF on input line 6095.
Package hyperref Info: Link coloring with OCG OFF on input line 6100.
Package hyperref Info: PDF/A mode OFF on input line 6105.
LaTeX Info: Redefining \ref on input line 6145.
LaTeX Info: Redefining \pageref on input line 6149.
 (/usr/share/texmf-dist/tex/latex/base/atbegshi-ltx.sty
Package: atbegshi-ltx 2020/08/17 v1.0a Emulation of the original atbegshi package
with kernel methods
)
\Hy@abspage=\count279
\c@Item=\count280
\c@Hfootnote=\count281
)
Package hyperref Info: Driver (autodetected): hpdftex.
 (/usr/share/texmf-dist/tex/latex/hyperref/hpdftex.def
File: hpdftex.def 2021-02-27 v7.00k Hyperref driver for pdfTeX
 (/usr/share/texmf-dist/tex/latex/base/atveryend-ltx.sty
Package: atveryend-ltx 2020/08/19 v1.0a Emulation of the original atvery package
with kernel methods
)
\Fld@listcount=\count282
\c@bookmark@seq@number=\count283

(/usr/share/texmf-dist/tex/latex/rerunfilecheck/rerunfilecheck.sty
Package: rerunfilecheck 2019/12/05 v1.9 Rerun checks for auxiliary files (HO)
 (/usr/share/texmf-dist/tex/generic/uniquecounter/uniquecounter.sty
Package: uniquecounter 2019/12/15 v1.4 Provide unlimited unique counter (HO)
)
Package uniquecounter Info: New unique counter `rerunfilecheck' on input line 286.
)
\Hy@SectionHShift=\skip55
) (/usr/share/texmf-dist/tex/latex/graphics/color.sty
Package: color 2020/02/24 v1.2b Standard LaTeX Color (DPC)
 (/usr/share/texmf-dist/tex/latex/graphics-cfg/color.cfg
File: color.cfg 2016/01/02 v1.6 sample color configuration
)
Package color Info: Driver file: pdftex.def on input line 147.
) (/usr/share/texmf-dist/tex/generic/ulem/ulem.sty
\UL@box=\box66
\UL@hyphenbox=\box67
\UL@skip=\skip56
\UL@hook=\toks25
\UL@height=\dimen153
\UL@pe=\count284
\UL@pixel=\dimen154
\ULC@box=\box68
Package: ulem 2019/11/18
\ULdepth=\dimen155
) (/usr/share/texmf-dist/tex/generic/soul/soul.sty
Package: soul 2003/11/17 v2.4 letterspacing/underlining (mf)
\SOUL@word=\toks26
\SOUL@lasttoken=\toks27
\SOUL@cmds=\toks28
\SOUL@buffer=\toks29
\SOUL@token=\toks30
\SOUL@spaceskip=\skip57
\SOUL@ttwidth=\dimen156
\SOUL@uldp=\dimen157
\SOUL@ulht=\dimen158
) (/usr/share/texmf-dist/tex/latex/lipsum/lipsum.sty (/usr/share/texmf-dist/tex/latex/l3kernel/expl3.sty
Package: expl3 2021-02-18 L3 programming layer (loader) 
 (/usr/share/texmf-dist/tex/latex/l3backend/l3backend-pdftex.def
File: l3backend-pdftex.def 2021-03-18 L3 backend support: PDF output (pdfTeX)
\l__color_backend_stack_int=\count285
\l__pdf_internal_box=\box69
)) (/usr/share/texmf-dist/tex/latex/l3packages/xparse/xparse.sty (/usr/share/texmf-dist/tex/latex/l3packages/xparse/xparse-2020-10-01.sty (/usr/share/texmf-dist/tex/latex/l3packages/xparse/xparse-generic.tex)))
Package: lipsum 2021-03-03 v2.3 150 paragraphs of Lorem Ipsum dummy text
 (/usr/share/texmf-dist/tex/latex/lipsum/lipsum.ltd.tex
File: lipsum.ltd.tex 2021-03-03 v2.3 The Lorem ipsum dummy text
))
Class revtex4-2 Info: Unrecognized LaTeX tabular. Please update this document class! (Proceeding with fingers crossed.) on input line 5.


Class revtex4-2 Warning: Repair the float package.

Class revtex4-2 Info: cite was not loaded (OK!) on input line 5.
Class revtex4-2 Info: mcite was not loaded (OK!) on input line 5.
Class revtex4-2 Info: multicol was not loaded (OK!) on input line 5.
(./mscript_mck.aux)
\openout1 = `mscript_mck.aux'.

LaTeX Font Info:    Checking defaults for OML/cmm/m/it on input line 5.
LaTeX Font Info:    ... okay on input line 5.
LaTeX Font Info:    Checking defaults for OMS/cmsy/m/n on input line 5.
LaTeX Font Info:    ... okay on input line 5.
LaTeX Font Info:    Checking defaults for OT1/cmr/m/n on input line 5.
LaTeX Font Info:    ... okay on input line 5.
LaTeX Font Info:    Checking defaults for T1/cmr/m/n on input line 5.
LaTeX Font Info:    ... okay on input line 5.
LaTeX Font Info:    Checking defaults for TS1/cmr/m/n on input line 5.
LaTeX Font Info:    ... okay on input line 5.
LaTeX Font Info:    Checking defaults for OMX/cmex/m/n on input line 5.
LaTeX Font Info:    ... okay on input line 5.
LaTeX Font Info:    Checking defaults for U/cmr/m/n on input line 5.
LaTeX Font Info:    ... okay on input line 5.
LaTeX Font Info:    Checking defaults for PD1/pdf/m/n on input line 5.
LaTeX Font Info:    ... okay on input line 5.
LaTeX Font Info:    Checking defaults for PU/pdf/m/n on input line 5.
LaTeX Font Info:    ... okay on input line 5.
 (/usr/share/texmf-dist/tex/context/base/mkii/supp-pdf.mkii
[Loading MPS to PDF converter (version 2006.09.02).]
\scratchcounter=\count286
\scratchdimen=\dimen159
\scratchbox=\box70
\nofMPsegments=\count287
\nofMParguments=\count288
\everyMPshowfont=\toks31
\MPscratchCnt=\count289
\MPscratchDim=\dimen160
\MPnumerator=\count290
\makeMPintoPDFobject=\count291
\everyMPtoPDFconversion=\toks32
) (/usr/share/texmf-dist/tex/latex/epstopdf-pkg/epstopdf-base.sty
Package: epstopdf-base 2020-01-24 v2.11 Base part for package epstopdf
Package epstopdf-base Info: Redefining graphics rule for `.eps' on input line 485.
 (/usr/share/texmf-dist/tex/latex/latexconfig/epstopdf-sys.cfg
File: epstopdf-sys.cfg 2010/07/13 v1.3 Configuration of (r)epstopdf for TeX Live
))
Package hyperref Info: Link coloring OFF on input line 5.
 (/usr/share/texmf-dist/tex/latex/hyperref/nameref.sty
Package: nameref 2021-04-02 v2.47 Cross-referencing by name of section
 (/usr/share/texmf-dist/tex/latex/refcount/refcount.sty
Package: refcount 2019/12/15 v3.6 Data extraction from label references (HO)
) (/usr/share/texmf-dist/tex/generic/gettitlestring/gettitlestring.sty
Package: gettitlestring 2019/12/15 v1.6 Cleanup title references (HO)
)
\c@section@level=\count292
)
LaTeX Info: Redefining \ref on input line 5.
LaTeX Info: Redefining \pageref on input line 5.
LaTeX Info: Redefining \nameref on input line 5.
 (./mscript_mck.out) (./mscript_mck.out)
\@outlinefile=\write4
\openout4 = `mscript_mck.out'.

Class revtex4-2 Info: Taking \maketitle back from hyperref on input line 5.
\openout3 = `mscript_mckNotes.bib'.

LaTeX Font Info:    Trying to load font information for U+msa on input line 24.
 (/usr/share/texmf-dist/tex/latex/amsfonts/umsa.fd
File: umsa.fd 2013/01/14 v3.01 AMS symbols A
)
LaTeX Font Info:    Trying to load font information for U+msb on input line 24.
 (/usr/share/texmf-dist/tex/latex/amsfonts/umsb.fd
File: umsb.fd 2013/01/14 v3.01 AMS symbols B
) (./mscript_mck.toc [1{/var/lib/texmf/fonts/map/pdftex/updmap/pdftex.map}])
\tf@toc=\write5
\openout5 = `mscript_mck.toc'.


Overfull \hbox (15.77538pt too wide) detected at line 38
[]
 []

<./rg_flow.pdf, id=301, 500.09598pt x 95.4911pt>
File: ./rg_flow.pdf Graphic file (type pdf)
<use ./rg_flow.pdf>
Package pdftex.def Info: ./rg_flow.pdf  used on input line 66.
(pdftex.def)             Requested size: 229.49844pt x 43.82152pt.
[2 <./rg_flow.pdf>]
<./stargraph.pdf, id=344, 392.21948pt x 201.05792pt>
File: ./stargraph.pdf Graphic file (type pdf)
<use ./stargraph.pdf>
Package pdftex.def Info: ./stargraph.pdf  used on input line 88.
(pdftex.def)             Requested size: 229.49844pt x 117.64754pt.
 [3 <./stargraph.pdf>]
Overfull \hbox (12.94528pt too wide) in alignment at lines 130--132
 [][][] []
 []


Overfull \hbox (6.54399pt too wide) in alignment at lines 145--147
 [][][] []
 []


Overfull \hbox (14.32912pt too wide) in alignment at lines 149--152
 [][][] []
 []


Underfull \hbox (badness 10000) in paragraph at lines 160--161

 []

[4]
<plt/EE_multi_channel_ANN.png, id=397, 722.7pt x 433.62pt>
File: plt/EE_multi_channel_ANN.png Graphic file (type png)
<use plt/EE_multi_channel_ANN.png>
Package pdftex.def Info: plt/EE_multi_channel_ANN.png  used on input line 173.
(pdftex.def)             Requested size: 229.49844pt x 137.69597pt.
<plt/outer_EE_multi_channel_ANN.png, id=399, 722.7pt x 433.62pt>
File: plt/outer_EE_multi_channel_ANN.png Graphic file (type png)
<use plt/outer_EE_multi_channel_ANN.png>
Package pdftex.def Info: plt/outer_EE_multi_channel_ANN.png  used on input line 174.
(pdftex.def)             Requested size: 229.49844pt x 137.69597pt.
<plt/I_2_vs_Nch_0_1.png, id=400, 627.34375pt x 418.56375pt>
File: plt/I_2_vs_Nch_0_1.png Graphic file (type png)
<use plt/I_2_vs_Nch_0_1.png>
Package pdftex.def Info: plt/I_2_vs_Nch_0_1.png  used on input line 190.
(pdftex.def)             Requested size: 229.49844pt x 153.12257pt.
<plt/I_2_vs_Nch_1_2.png, id=401, 628.3475pt x 417.56pt>
File: plt/I_2_vs_Nch_1_2.png Graphic file (type png)
<use plt/I_2_vs_Nch_1_2.png>
Package pdftex.def Info: plt/I_2_vs_Nch_1_2.png  used on input line 191.
(pdftex.def)             Requested size: 229.49844pt x 152.50688pt.

Underfull \hbox (badness 10000) in paragraph at lines 196--197

 []

[5 <./plt/EE_multi_channel_ANN.png> <./plt/outer_EE_multi_channel_ANN.png> <./plt/I_2_vs_Nch_0_1.png> <./plt/I_2_vs_Nch_1_2.png>]
Overfull \hbox (11.51668pt too wide) in alignment at lines 203--205
 [][][] []
 []

<plt/I_3_vs_Nch_1_2_3.png, id=417, 722.7pt x 433.62pt>
File: plt/I_3_vs_Nch_1_2_3.png Graphic file (type png)
<use plt/I_3_vs_Nch_1_2_3.png>
Package pdftex.def Info: plt/I_3_vs_Nch_1_2_3.png  used on input line 209.
(pdftex.def)             Requested size: 229.49844pt x 137.69597pt.

Package hyperref Warning: Token not allowed in a PDF string (Unicode):
(hyperref)                removing `math shift' on input line 216.


Package hyperref Warning: Token not allowed in a PDF string (Unicode):
(hyperref)                removing `subscript' on input line 216.


Package hyperref Warning: Token not allowed in a PDF string (Unicode):
(hyperref)                removing `math shift' on input line 216.

<plt/I_N_vs_N_N9.png, id=419, 722.7pt x 433.62pt>
File: plt/I_N_vs_N_N9.png Graphic file (type png)
<use plt/I_N_vs_N_N9.png>
Package pdftex.def Info: plt/I_N_vs_N_N9.png  used on input line 220.
(pdftex.def)             Requested size: 229.49844pt x 137.69597pt.

LaTeX Warning: Reference `eq:zero_mode' on page 6 undefined on input line 229.


Overfull \hbox (17.36057pt too wide) detected at line 233
[]
 []

<plt/Quantum_Energy_per_channel.png, id=421, 663.47874pt x 410.53375pt>
File: plt/Quantum_Energy_per_channel.png Graphic file (type png)
<use plt/Quantum_Energy_per_channel.png>
Package pdftex.def Info: plt/Quantum_Energy_per_channel.png  used on input line 249.
(pdftex.def)             Requested size: 229.49844pt x 142.00388pt.

Overfull \hbox (11.26773pt too wide) in alignment at lines 262--266
 [][][] []
 []

[6 <./plt/I_3_vs_Nch_1_2_3.png> <./plt/I_N_vs_N_N9.png>]

LaTeX Warning: A float is stuck (cannot be placed); try class option [floatfix] on input line 266.


Overfull \hbox (21.026pt too wide) in alignment at lines 268--272
 [][][] []
 []


Overfull \hbox (18.62648pt too wide) in alignment at lines 280--283
 [][][] []
 []

<plt/Staggered_mag_50.png, id=440, 650.43pt x 433.62pt>
File: plt/Staggered_mag_50.png Graphic file (type png)
<use plt/Staggered_mag_50.png>
Package pdftex.def Info: plt/Staggered_mag_50.png  used on input line 298.
(pdftex.def)             Requested size: 229.49844pt x 152.99994pt.

Overfull \hbox (25.1377pt too wide) in alignment at lines 312--316
 [][][] []
 []

[7pdfTeX warning (ext4): destination with the same identifier (name{equation.3.27}) has been already used, duplicate ignored
<argument> ...shipout:D \box_use:N \l_shipout_box 
                                                  
l.346 \item $
             M_s^2$ vs $N_{ch}$.pdfTeX warning (ext4): destination with the same identifier (name{equation.3.27}) has been already used, duplicate ignored
<argument> ...shipout:D \box_use:N \l_shipout_box 
                                                  
l.346 \item $
             M_s^2$ vs $N_{ch}$.pdfTeX warning (ext4): destination with the same identifier (name{equation.3.32}) has been already used, duplicate ignored
<argument> ...shipout:D \box_use:N \l_shipout_box 
                                                  
l.346 \item $
             M_s^2$ vs $N_{ch}$. <./plt/Quantum_Energy_per_channel.png> <./plt/Staggered_mag_50.png>]
Overfull \hbox (4.30313pt too wide) in alignment at lines 366--369
 [][][] []
 []

<plt/ThermalEntanglementVS_LogTemperature_.png, id=460, 650.43pt x 433.62pt>
File: plt/ThermalEntanglementVS_LogTemperature_.png Graphic file (type png)
<use plt/ThermalEntanglementVS_LogTemperature_.png>
Package pdftex.def Info: plt/ThermalEntanglementVS_LogTemperature_.png  used on input line 372.
(pdftex.def)             Requested size: 229.49844pt x 152.99994pt.
<../numerics/deg_of_comp.pdf, id=462, 982.28394pt x 781.24489pt>
File: ../numerics/deg_of_comp.pdf Graphic file (type pdf)
<use ../numerics/deg_of_comp.pdf>
Package pdftex.def Info: ../numerics/deg_of_comp.pdf  used on input line 400.
(pdftex.def)             Requested size: 229.49844pt x 182.5197pt.
[8 <./plt/ThermalEntanglementVS_LogTemperature_.png>]

Package amsmath Warning: Foreign command \atop;
(amsmath)                \frac or \genfrac should be used instead
(amsmath)                 on input line 416.


Overfull \hbox (12.71933pt too wide) detected at line 433
[]
 []

<plt/Central_Field_Chi_Powerlaw_.png, id=483, 650.43pt x 433.62pt>
File: plt/Central_Field_Chi_Powerlaw_.png Graphic file (type png)
<use plt/Central_Field_Chi_Powerlaw_.png>
Package pdftex.def Info: plt/Central_Field_Chi_Powerlaw_.png  used on input line 443.
(pdftex.def)             Requested size: 229.49844pt x 152.99994pt.
<plt/Outer_Field_Chi_Powerlaw_.png, id=484, 650.43pt x 433.62pt>
File: plt/Outer_Field_Chi_Powerlaw_.png Graphic file (type png)
<use plt/Outer_Field_Chi_Powerlaw_.png>
Package pdftex.def Info: plt/Outer_Field_Chi_Powerlaw_.png  used on input line 450.
(pdftex.def)             Requested size: 229.49844pt x 152.99994pt.
[9 <../numerics/deg_of_comp.pdf>]

LaTeX Warning: A float is stuck (cannot be placed); try class option [floatfix] on input line 456.


Overfull \hbox (4.04752pt too wide) detected at line 476
[][][]
 []

<../numerics/disc_mag_imp_gen.pdf, id=531, 1030.7776pt x 760.26723pt>
File: ../numerics/disc_mag_imp_gen.pdf Graphic file (type pdf)
<use ../numerics/disc_mag_imp_gen.pdf>
Package pdftex.def Info: ../numerics/disc_mag_imp_gen.pdf  used on input line 483.
(pdftex.def)             Requested size: 229.49844pt x 169.26622pt.
[10 <./plt/Central_Field_Chi_Powerlaw_.png> <./plt/Outer_Field_Chi_Powerlaw_.png> <../numerics/disc_mag_imp_gen.pdf>]
Overfull \hbox (1.99266pt too wide) detected at line 516
[][][]
 []

[11]
Underfull \hbox (badness 10000) in paragraph at lines 578--579
\OT1/cmr/m/n/10 We em-ployed the def-i-ni-tions $\OML/cmm/m/it/10 X[] \OMS/cmsy/m/n/10 ^^Q
 []


Underfull \hbox (badness 10000) in paragraph at lines 578--579
[][] [][] [][] \OML/cmm/m/it/10 c[]c[]; X[]$ \OT1/cmr/m/n/10 and $\OML/cmm/m/it/10 Z[] \OMS/cmsy/m/n/10 ^^Q
 []


Underfull \hbox (badness 10000) in paragraph at lines 578--579
[][] [] [] []$\OT1/cmr/m/n/10 . Fo-cus-
 []


Underfull \hbox (badness 5908) in paragraph at lines 578--579
\OT1/cmr/m/n/10 ing on the ef-fec-tive Hamil-to-nian for $[]$, we
 []


Underfull \hbox (badness 4291) in paragraph at lines 578--579
\OT1/cmr/m/n/10 see lots of non-Fermi liq-uid terms of the form
 []


Underfull \hbox (badness 2865) in paragraph at lines 578--579
\OML/cmm/m/it/10 s[]X[]; s[]X[]; Z[]H[]$\OT1/cmr/m/n/10 . These arise be-cause
 []

[12]
Overfull \hbox (22.4915pt too wide) detected at line 591
[][][]
 []


Underfull \hbox (badness 3780) in paragraph at lines 591--593
\OT1/cmr/m/n/10 Here the ba-sis we are in-ter-ested in is $\OMS/cmsy/m/n/10 fBg \OT1/cmr/m/n/10 =
 []


Overfull \hbox (0.61598pt too wide) in alignment at lines 593--597
 [][][] []
 []

[13]
<plt/FINAL_fitted_Cv_t_0p1.png, id=625, 649.116pt x 432.6345pt>
File: plt/FINAL_fitted_Cv_t_0p1.png Graphic file (type png)
<use plt/FINAL_fitted_Cv_t_0p1.png>
Package pdftex.def Info: plt/FINAL_fitted_Cv_t_0p1.png  used on input line 697.
(pdftex.def)             Requested size: 229.49844pt x 152.95587pt.
 [14]

LaTeX Warning: A float is stuck (cannot be placed); try class option [floatfix] on input line 711.

<plt/NFL_Chi_log_0p1.png, id=644, 650.43pt x 433.62pt>
File: plt/NFL_Chi_log_0p1.png Graphic file (type png)
<use plt/NFL_Chi_log_0p1.png>
Package pdftex.def Info: plt/NFL_Chi_log_0p1.png  used on input line 715.
(pdftex.def)             Requested size: 229.49844pt x 152.99994pt.

Overfull \hbox (28.81557pt too wide) in alignment at lines 745--749
 [][][] []
 []

[15pdfTeX warning (ext4): destination with the same identifier (name{equation.4.104}) has been already used, duplicate ignored
<argument> ...shipout:D \box_use:N \l_shipout_box 
                                                  
l.786 \end{eqnarray}
                     <./plt/FINAL_fitted_Cv_t_0p1.png> <./plt/NFL_Chi_log_0p1.png>]
Overfull \hbox (28.01686pt too wide) in alignment at lines 794--801
 [][][] []
 []


Overfull \hbox (8.67918pt too wide) detected at line 841
[][][]
 []

[16pdfTeX warning (ext4): destination with the same identifier (name{equation.4.107}) has been already used, duplicate ignored
<argument> ...shipout:D \box_use:N \l_shipout_box 
                                                  
l.841 \end{aligned}\end{equation}
                                 ]
Overfull \hbox (6.83939pt too wide) detected at line 846
[][][]
 []


Overfull \hbox (10.64655pt too wide) in alignment at lines 905--909
 [][][] []
 []

[17]
Overfull \hbox (19.5255pt too wide) in alignment at lines 932--935
 [][][] []
 []

<plt/stargraph-to-alltoall.png, id=719, 326.68759pt x 119.84586pt>
File: plt/stargraph-to-alltoall.png Graphic file (type png)
<use plt/stargraph-to-alltoall.png>
Package pdftex.def Info: plt/stargraph-to-alltoall.png  used on input line 950.
(pdftex.def)             Requested size: 229.49844pt x 84.19507pt.
[18 <./plt/stargraph-to-alltoall.png>] [19]
Overfull \hbox (26.36192pt too wide) in alignment at lines 1202--1204
 [][][] []
 []


Package hyperref Warning: Token not allowed in a PDF string (Unicode):
(hyperref)                removing `math shift' on input line 1214.


Package hyperref Warning: Token not allowed in a PDF string (Unicode):
(hyperref)                removing `math shift' on input line 1214.


Overfull \hbox (19.97725pt too wide) in alignment at lines 1237--1239
 [][][] []
 []

[20]
<./duality.pdf, id=770, 824.33594pt x 520.1323pt>
File: ./duality.pdf Graphic file (type pdf)
<use ./duality.pdf>
Package pdftex.def Info: ./duality.pdf  used on input line 1276.
(pdftex.def)             Requested size: 203.99689pt x 128.71527pt.
 [21 <./duality.pdf>]
<../numerics/K to K-1.pdf, id=794, 678.60606pt x 542.01183pt>
File: ../numerics/K to K-1.pdf Graphic file (type pdf)
<use ../numerics/K to K-1.pdf>
Package pdftex.def Info: ../numerics/K to K-1.pdf  used on input line 1334.
(pdftex.def)             Requested size: 163.20374pt x 130.35014pt.
<../numerics/irr_Jp_K=3.pdf, id=795, 680.40454pt x 542.01183pt>
File: ../numerics/irr_Jp_K=3.pdf Graphic file (type pdf)
<use ../numerics/irr_Jp_K=3.pdf>
Package pdftex.def Info: ../numerics/irr_Jp_K=3.pdf  used on input line 1335.
(pdftex.def)             Requested size: 163.20374pt x 130.00279pt.
<../numerics/irr_Jp_K=50.pdf, id=796, 711.36125pt x 542.01183pt>
File: ../numerics/irr_Jp_K=50.pdf Graphic file (type pdf)
<use ../numerics/irr_Jp_K=50.pdf>
Package pdftex.def Info: ../numerics/irr_Jp_K=50.pdf  used on input line 1336.
(pdftex.def)             Requested size: 163.20374pt x 124.34581pt.
 [22]
<./iqpt.pdf, id=814, 499.98795pt x 141.26604pt>
File: ./iqpt.pdf Graphic file (type pdf)
<use ./iqpt.pdf>
Package pdftex.def Info: ./iqpt.pdf  used on input line 1345.
(pdftex.def)             Requested size: 203.99689pt x 57.63705pt.
<plt/Anisotropy_Channel:3.png, id=815, 850.17625pt x 502.87875pt>
File: plt/Anisotropy_Channel:3.png Graphic file (type png)
<use plt/Anisotropy_Channel:3.png>
Package pdftex.def Info: plt/Anisotropy_Channel:3.png  used on input line 1395.
(pdftex.def)             Requested size: 408.00156pt x 241.33301pt.


Package hyperref Warning: Token not allowed in a PDF string (Unicode):
(hyperref)                removing `math shift' on input line 1439.

[23] [24 <../numerics/K to K-1.pdf> <../numerics/irr_Jp_K=3.pdf> <../numerics/irr_Jp_K=50.pdf> <./iqpt.pdf>] [25 <./plt/Anisotropy_Channel:3.png>] [26]
Overfull \hbox (6.09106pt too wide) detected at line 1544
[][][]
 []

(./mscript_mck.bbl
Underfull \hbox (badness 1127) in paragraph at lines 120--123
 []\OT1/cmr/m/n/9 A. Mukher-jee, A. Mukher-jee, N. S. Vid-hyad-hi-raja,
 []

[27]
Underfull \hbox (badness 1043) in paragraph at lines 270--274
 []\OT1/cmr/m/n/9 E. Frad-kin, |   []
 []


Underfull \hbox (badness 10000) in paragraph at lines 355--362
 []\OT1/cmr/m/n/9 T. Kimura and S. Ozaki, []Jour-nal of the
 []


Underfull \hbox (badness 10000) in paragraph at lines 355--362
 \OT1/cmr/m/n/9 Phys-i-cal So-ci-ety of Japan \OT1/cmr/bx/n/9 86\OT1/cmr/m/n/9 , 084703 (2017)[],
 []


Underfull \hbox (badness 1210) in paragraph at lines 458--465
 []\OT1/cmr/m/n/9 M. Vo-jta, []Philo-soph-i-cal Mag-a-zine \OT1/cmr/bx/n/9 86\OT1/cmr/m/n/9 , 1807 (2006)[],
 []


Underfull \hbox (badness 10000) in paragraph at lines 530--537
 []\OT1/cmr/m/n/9 K. Ya-mada and K. Yosida, []Progress
 []


Underfull \hbox (badness 10000) in paragraph at lines 530--537
 \OT1/cmr/m/n/9 of The-o-ret-i-cal Physics \OT1/cmr/bx/n/9 59\OT1/cmr/m/n/9 , 1061 (1978)[],
 []


Underfull \hbox (badness 10000) in paragraph at lines 530--537
 []\OT1/cmr/m/n/9 https://academic.oup.com/ptp/article-
 []

) [28] (./mscript_mck.aux)

LaTeX Warning: There were undefined references.

Package rerunfilecheck Info: File `mscript_mck.out' has not changed.
(rerunfilecheck)             Checksum: A3E16FB38C9FE8F41EFDFCCFC7D1FE21;10309.
 ) 
Here is how much of TeX's memory you used:
 12193 strings out of 478994
 177401 string characters out of 5864750
 775869 words of memory out of 5000000
 29118 multiletter control sequences out of 15000+600000
 412105 words of font info for 61 fonts, out of 8000000 for 9000
 1141 hyphenation exceptions out of 8191
 71i,17n,75p,1864b,529s stack positions out of 5000i,500n,10000p,200000b,80000s
</usr/share/texmf-dist/fonts/type1/public/amsfonts/cm/cmbx10.pfb></usr/share/texmf-dist/fonts/type1/public/amsfonts/cm/cmbx12.pfb></usr/share/texmf-dist/fonts/type1/public/amsfonts/cm/cmbx9.pfb></usr/share/texmf-dist/fonts/type1/public/amsfonts/cm/cmex10.pfb></usr/share/texmf-dist/fonts/type1/public/amsfonts/cmextra/cmex7.pfb></usr/share/texmf-dist/fonts/type1/public/amsfonts/cm/cmmi10.pfb></usr/share/texmf-dist/fonts/type1/public/amsfonts/cm/cmmi12.pfb></usr/share/texmf-dist/fonts/type1/public/amsfonts/cm/cmmi5.pfb></usr/share/texmf-dist/fonts/type1/public/amsfonts/cm/cmmi6.pfb></usr/share/texmf-dist/fonts/type1/public/amsfonts/cm/cmmi7.pfb></usr/share/texmf-dist/fonts/type1/public/amsfonts/cm/cmmi9.pfb></usr/share/texmf-dist/fonts/type1/public/amsfonts/cm/cmr10.pfb></usr/share/texmf-dist/fonts/type1/public/amsfonts/cm/cmr17.pfb></usr/share/texmf-dist/fonts/type1/public/amsfonts/cm/cmr5.pfb></usr/share/texmf-dist/fonts/type1/public/amsfonts/cm/cmr6.pfb></usr/share/texmf-dist/fonts/type1/public/amsfonts/cm/cmr7.pfb></usr/share/texmf-dist/fonts/type1/public/amsfonts/cm/cmr8.pfb></usr/share/texmf-dist/fonts/type1/public/amsfonts/cm/cmr9.pfb></usr/share/texmf-dist/fonts/type1/public/amsfonts/cm/cmss17.pfb></usr/share/texmf-dist/fonts/type1/public/amsfonts/cm/cmsy10.pfb></usr/share/texmf-dist/fonts/type1/public/amsfonts/cm/cmsy5.pfb></usr/share/texmf-dist/fonts/type1/public/amsfonts/cm/cmsy6.pfb></usr/share/texmf-dist/fonts/type1/public/amsfonts/cm/cmsy7.pfb></usr/share/texmf-dist/fonts/type1/public/amsfonts/cm/cmsy9.pfb></usr/share/texmf-dist/fonts/type1/public/amsfonts/cm/cmti10.pfb></usr/share/texmf-dist/fonts/type1/public/amsfonts/cm/cmti9.pfb></usr/share/texmf-dist/fonts/type1/public/amsfonts/symbols/msbm10.pfb></usr/share/texmf-dist/fonts/type1/public/amsfonts/symbols/msbm5.pfb></usr/share/texmf-dist/fonts/type1/public/amsfonts/symbols/msbm7.pfb>
Output written on mscript_mck.pdf (28 pages, 1123604 bytes).
PDF statistics:
 1179 PDF objects out of 1200 (max. 8388607)
 1056 compressed objects within 11 object streams
 356 named destinations out of 1000 (max. 500000)
 513 words of extra memory for PDF output out of 10000 (max. 10000000)

