\BOOKMARK [0][-]{section*.2}{\376\377\000T\000i\000t\000l\000e}{}% 2
\BOOKMARK [1][-]{section*.1}{\376\377\000A\000b\000s\000t\000r\000a\000c\000t}{section*.2}% 1
\BOOKMARK [1][-]{section*.3}{\376\377\000C\000o\000n\000t\000e\000n\000t\000s}{section*.2}% 3
\BOOKMARK [1][-]{section*.4}{\376\377\000I\000n\000t\000r\000o\000d\000u\000c\000t\000i\000o\000n}{section*.2}% 4
\BOOKMARK [1][-]{section*.5}{\376\377\000F\000i\000x\000e\000d\000\040\000p\000o\000i\000n\000t\000\040\000t\000h\000e\000o\000r\000y\000\040\000o\000f\000\040\000o\000v\000e\000r\000-\000s\000c\000r\000e\000e\000n\000e\000d\000\040\000M\000C\000K\000\040\000m\000o\000d\000e\000l}{section*.2}% 5
\BOOKMARK [2][-]{section*.6}{\376\377\000R\000G\000\040\000f\000l\000o\000w\000s\000\040\000t\000o\000w\000a\000r\000d\000s\000\040\000i\000n\000t\000e\000r\000m\000e\000d\000i\000a\000t\000e\000\040\000c\000o\000u\000p\000l\000i\000n\000g}{section*.5}% 6
\BOOKMARK [2][-]{section*.7}{\376\377\000S\000t\000a\000r\000\040\000g\000r\000a\000p\000h\000\040\000a\000s\000\040\000t\000h\000e\000\040\000e\000f\000f\000e\000c\000t\000i\000v\000e\000\040\000f\000i\000x\000e\000d\000\040\000p\000o\000i\000n\000t\000\040\000H\000a\000m\000i\000l\000t\000o\000n\000i\000a\000n}{section*.5}% 7
\BOOKMARK [1][-]{section*.8}{\376\377\000I\000m\000p\000o\000r\000t\000a\000n\000t\000\040\000P\000r\000o\000p\000e\000r\000t\000i\000e\000s\000\040\000o\000f\000\040\000t\000h\000e\000\040\000S\000t\000a\000r\000\040\000G\000r\000a\000p\000h}{section*.2}% 8
\BOOKMARK [2][-]{section*.9}{\376\377\000H\000a\000m\000i\000l\000t\000o\000n\000i\000a\000n\000\040\000a\000n\000d\000\040\000w\000a\000v\000e\000f\000u\000n\000c\000t\000i\000o\000n\000s}{section*.8}% 9
\BOOKMARK [3][-]{section*.10}{\376\377\000G\000r\000o\000u\000n\000d\000\040\000s\000t\000a\000t\000e\000\040\000w\000a\000v\000e\000f\000u\000n\000c\000t\000i\000o\000n}{section*.9}% 10
\BOOKMARK [2][-]{section*.11}{\376\377\000E\000n\000t\000a\000n\000g\000l\000e\000m\000e\000n\000t\000\040\000p\000r\000o\000p\000e\000r\000t\000i\000e\000s}{section*.8}% 11
\BOOKMARK [3][-]{section*.12}{\376\377\000I\000m\000p\000u\000r\000i\000t\000y\000\040\000e\000n\000t\000a\000n\000g\000l\000e\000m\000e\000n\000t\000\040\000e\000n\000t\000r\000o\000p\000y}{section*.11}% 12
\BOOKMARK [3][-]{section*.13}{\376\377\000M\000u\000t\000u\000a\000l\000\040\000I\000n\000f\000o\000r\000m\000a\000t\000i\000o\000n}{section*.11}% 13
\BOOKMARK [3][-]{section*.14}{\376\377\000T\000r\000i\000p\000a\000r\000t\000i\000t\000e\000\040\000i\000n\000f\000o\000r\000m\000a\000t\000i\000o\000n}{section*.11}% 14
\BOOKMARK [3][-]{section*.15}{\376\377\000I\000N\000\040\000v\000s\000\040\000N}{section*.11}% 15
\BOOKMARK [2][-]{section*.16}{\376\377\000C\000o\000r\000r\000e\000l\000a\000t\000i\000o\000n\000\040\000S\000t\000u\000d\000i\000e\000s}{section*.8}% 16
\BOOKMARK [3][-]{section*.17}{\376\377\000Q\000u\000a\000n\000t\000u\000m\000\040\000e\000n\000e\000r\000g\000y}{section*.16}% 17
\BOOKMARK [3][-]{section*.18}{\376\377\000C\000o\000r\000r\000e\000l\000a\000t\000i\000o\000n\000\040\000s\000t\000u\000d\000y}{section*.16}% 18
\BOOKMARK [3][-]{section*.19}{\376\377\000S\000t\000a\000g\000g\000e\000r\000r\000e\000d\000\040\000m\000a\000g\000n\000e\000t\000i\000z\000a\000t\000i\000o\000n}{section*.16}% 19
\BOOKMARK [2][-]{section*.20}{\376\377\000T\000h\000e\000r\000m\000a\000l\000\040\000e\000n\000t\000r\000o\000p\000y}{section*.8}% 20
\BOOKMARK [2][-]{section*.21}{\376\377\000D\000e\000g\000r\000e\000e\000\040\000o\000f\000\040\000c\000o\000m\000p\000e\000n\000s\000a\000t\000i\000o\000n\000:\000\040\000a\000\040\000m\000e\000a\000s\000u\000r\000e\000\040\000o\000f\000\040\000t\000h\000e\000\040\000f\000r\000u\000s\000t\000r\000a\000t\000i\000o\000n}{section*.8}% 21
\BOOKMARK [2][-]{section*.22}{\376\377\000I\000m\000p\000u\000r\000i\000t\000y\000\040\000m\000a\000g\000n\000e\000t\000i\000z\000a\000t\000i\000o\000n\000\040\000a\000n\000d\000\040\000s\000u\000s\000c\000e\000p\000t\000i\000b\000i\000l\000i\000t\000y\000:\000\040\000Q\000u\000a\000n\000t\000u\000m\000\040\000c\000r\000i\000t\000i\000c\000a\000l\000i\000t\000y\000\040\000o\000f\000\040\000o\000v\000e\000r\000s\000c\000r\000e\000e\000n\000e\000d\000\040\000M\000C\000K\000\040\000m\000o\000d\000e\000l}{section*.8}% 22
\BOOKMARK [2][-]{section*.23}{\376\377\000I\000m\000p\000u\000r\000i\000t\000y\000\040\000m\000a\000g\000n\000e\000t\000i\000z\000a\000t\000i\000o\000n\000\040\000i\000n\000\040\000t\000e\000r\000m\000s\000\040\000o\000f\000\040\000p\000a\000r\000i\000t\000y\000\040\000o\000p\000e\000r\000a\000t\000o\000r\000s}{section*.8}% 23
\BOOKMARK [1][-]{section*.24}{\376\377\000E\000f\000f\000e\000c\000t\000\040\000o\000f\000\040\000c\000o\000n\000d\000u\000c\000t\000i\000o\000n\000\040\000b\000a\000t\000h\000\040\000e\000x\000c\000i\000t\000a\000t\000i\000o\000n\000s\000\040\000o\000n\000\040\000t\000h\000e\000\040\000f\000i\000x\000e\000d\000\040\000p\000o\000i\000n\000t\000\040\000t\000h\000e\000o\000r\000y}{section*.2}% 24
\BOOKMARK [2][-]{section*.25}{\376\377\000N\000o\000n\000-\000F\000e\000r\000m\000i\000\040\000l\000i\000q\000u\000i\000d\000\040\000s\000i\000g\000n\000a\000t\000u\000r\000e\000s\000\040\000i\000n\000\040\000m\000o\000m\000e\000n\000t\000u\000m\000\040\000s\000p\000a\000c\000e}{section*.24}% 25
\BOOKMARK [2][-]{section*.26}{\376\377\000L\000o\000c\000a\000l\000\040\000l\000o\000w\000-\000e\000n\000e\000r\000g\000y\000\040\000e\000f\000f\000e\000c\000t\000i\000v\000e\000\040\000H\000a\000m\000i\000l\000t\000o\000n\000i\000a\000n}{section*.24}% 26
\BOOKMARK [2][-]{section*.27}{\376\377\000S\000t\000u\000d\000y\000i\000n\000g\000\040\000t\000h\000e\000\040\000L\000E\000H}{section*.24}% 27
\BOOKMARK [3][-]{section*.28}{\376\377\000S\000e\000l\000f\000\040\000e\000n\000e\000r\000g\000y\000\040\000a\000n\000d\000\040\000S\000p\000e\000c\000i\000f\000i\000c\000\040\000h\000e\000a\000t}{section*.27}% 28
\BOOKMARK [3][-]{section*.29}{\376\377\000E\000x\000a\000c\000t\000\040\000d\000i\000a\000g\000o\000n\000a\000l\000i\000z\000a\000t\000i\000o\000n}{section*.27}% 29
\BOOKMARK [3][-]{section*.30}{\376\377\000M\000o\000m\000e\000n\000t\000u\000m\000\040\000s\000p\000a\000c\000e\000\040\000s\000t\000r\000u\000c\000t\000u\000r\000e\000\040\000o\000f\000\040\000t\000h\000e\000\040\000N\000F\000L}{section*.27}% 30
\BOOKMARK [2][-]{section*.31}{\376\377\000T\000h\000i\000r\000d\000\040\000o\000r\000d\000e\000r}{section*.24}% 31
\BOOKMARK [2][-]{section*.32}{\376\377\000P\000r\000e\000s\000e\000n\000c\000e\000\040\000o\000f\000\040\000a\000\040\000m\000a\000r\000g\000i\000n\000a\000l\000\040\000F\000e\000r\000m\000i\000\040\000l\000i\000q\000u\000i\000d\000:\000\040\000O\000r\000t\000h\000o\000g\000o\000n\000a\000l\000i\000t\000y\000\040\000c\000a\000t\000a\000s\000t\000r\000o\000p\000h\000e\000\040\000i\000n\000\040\000t\000w\000o\000-\000c\000h\000a\000n\000n\000e\000l\000\040\000M\000C\000K\000\040\000m\000o\000d\000e\000l}{section*.24}% 32
\BOOKMARK [1][-]{section*.33}{\376\377\000L\000o\000c\000a\000l\000\040\000M\000o\000t\000t\000\040\000l\000i\000q\000u\000i\000d}{section*.2}% 33
\BOOKMARK [2][-]{section*.34}{\376\377\000M\000a\000p\000p\000i\000n\000g\000\040\000w\000i\000t\000h\000\040\000t\000h\000e\000\040\000d\000e\000g\000e\000n\000e\000r\000a\000t\000e\000\040\000g\000r\000o\000u\000n\000d\000\040\000s\000t\000a\000t\000e\000\040\000o\000f\000\040\000s\000t\000a\000r\000g\000r\000a\000p\000h}{section*.33}% 34
\BOOKMARK [2][-]{section*.35}{\376\377\000L\000o\000c\000a\000l\000\040\000m\000o\000t\000t\000-\000l\000i\000q\000u\000i\000d}{section*.33}% 35
\BOOKMARK [3][-]{section*.36}{\376\377\000A\000c\000t\000i\000o\000n\000\040\000o\000n\000\040\000t\000h\000e\000\040\000H\000a\000m\000i\000l\000t\000o\000n\000i\000a\000n}{section*.35}% 36
\BOOKMARK [1][-]{section*.37}{\376\377\000T\000o\000p\000o\000l\000o\000g\000y\000\040\000a\000n\000d\000\040\000G\000a\000u\000g\000e\000\040\000t\000h\000e\000o\000r\000y}{section*.2}% 37
\BOOKMARK [2][-]{section*.38}{\376\377\000I\000n\000\040\000o\000u\000r\000\040\000c\000a\000s\000e\000\040\000o\000f\000\040\000s\000t\000a\000r\000g\000r\000a\000p\000h\000\040\000m\000o\000d\000e\000l}{section*.37}% 38
\BOOKMARK [3][-]{section*.39}{\376\377\000K\000=\000o\000d\000d}{section*.38}% 39
\BOOKMARK [2][-]{section*.40}{\376\377\000M\000a\000i\000n}{section*.37}% 40
\BOOKMARK [1][-]{section*.41}{\376\377\000D\000u\000a\000l\000i\000t\000y\000\040\000i\000n\000\040\000t\000h\000e\000\040\000M\000C\000K\000\040\000m\000o\000d\000e\000l}{section*.2}% 41
\BOOKMARK [1][-]{section*.42}{\376\377\000I\000m\000p\000u\000r\000i\000t\000y\000\040\000Q\000u\000a\000n\000t\000u\000m\000\040\000P\000h\000a\000s\000e\000\040\000t\000r\000a\000n\000s\000i\000t\000i\000o\000n\000\040\000i\000n\000\040\000t\000h\000e\000\040\000M\000C\000K\000\040\000m\000o\000d\000e\000l}{section*.2}% 42
\BOOKMARK [2][-]{section*.43}{\376\377\000R\000G\000\040\000p\000h\000a\000s\000e\000\040\000d\000i\000a\000g\000r\000a\000m\000\040\000u\000n\000d\000e\000r\000\040\000a\000n\000i\000s\000o\000t\000r\000o\000p\000y}{section*.42}% 43
\BOOKMARK [2][-]{section*.44}{\376\377\000R\000o\000b\000u\000s\000t\000n\000e\000s\000s\000\040\000o\000f\000\040\000t\000h\000e\000\040\000d\000e\000g\000e\000n\000e\000r\000a\000c\000y\000\040\000i\000n\000\040\000t\000h\000e\000\040\000p\000r\000e\000s\000e\000n\000c\000e\000\040\000o\000f\000\040\000c\000h\000a\000n\000n\000e\000l\000\040\000a\000n\000i\000s\000o\000t\000r\000o\000p\000y}{section*.42}% 44
\BOOKMARK [2][-]{section*.45}{\376\377\000B\000e\000r\000r\000y\000\040\000p\000h\000a\000s\000e}{section*.42}% 45
\BOOKMARK [1][-]{section*.46}{\376\377\000C\000o\000n\000c\000l\000u\000s\000i\000o\000n\000s}{section*.2}% 46
\BOOKMARK [1][-]{section*.47}{\376\377\000A\000c\000k\000n\000o\000w\000l\000e\000d\000g\000m\000e\000n\000t\000s}{section*.2}% 47
\BOOKMARK [1][-]{section*.48}{\376\377\000H\000a\000m\000i\000l\000t\000o\000n\000i\000a\000n\000\040\000R\000G\000\040\000o\000f\000\040\000s\000p\000i\000n\000-\000S\000\040\000i\000m\000p\000u\000r\000i\000t\000y\000\040\000M\000C\000K\000\040\000M\000o\000d\000e\000l}{section*.2}% 48
\BOOKMARK [1][-]{section*.49}{\376\377\000R\000e\000f\000e\000r\000e\000n\000c\000e\000s}{section*.2}% 49
