\BOOKMARK [0][-]{section*.1}{\376\377\000M\000u\000l\000t\000i\000-\000c\000h\000a\000n\000n\000e\000l\000\040\000K\000o\000n\000d\000o\000\040\000m\000o\000d\000e\000l\000\040\000U\000R\000G}{}% 1
\BOOKMARK [1][-]{section*.2}{\376\377\000C\000o\000n\000t\000e\000n\000t\000s}{section*.1}% 2
\BOOKMARK [1][-]{section*.3}{\376\377\000I\000n\000t\000r\000o\000d\000u\000c\000t\000i\000o\000n\000\040\000o\000f\000\040\000t\000h\000e\000\040\000H\000a\000m\000i\000l\000t\000o\000n\000i\000a\000n\000\040\000a\000n\000d\000\040\000i\000t\000s\000\040\000z\000e\000r\000o\000\040\000m\000o\000d\000e}{section*.1}% 3
\BOOKMARK [1][-]{section*.4}{\376\377\000S\000y\000m\000m\000e\000t\000r\000i\000e\000s\000\040\000o\000f\000\040\000t\000h\000e\000\040\000s\000t\000a\000r\000\040\000g\000r\000a\000p\000h}{section*.1}% 4
\BOOKMARK [1][-]{section*.5}{\376\377\000E\000i\000g\000e\000n\000v\000a\000l\000u\000e\000s\000\040\000a\000n\000d\000\040\000e\000i\000g\000e\000n\000s\000t\000a\000t\000e\000s\000\040\000o\000f\000\040\000t\000h\000e\000\040\000s\000t\000a\000r\000\040\000g\000r\000a\000p\000h}{section*.1}% 5
\BOOKMARK [1][-]{section*.6}{\376\377\000R\000o\000l\000e\000\040\000o\000f\000\040\000t\000h\000e\000\040\000s\000t\000a\000r\000\040\000g\000r\000a\000p\000h\000\040\000i\000n\000\040\000d\000e\000t\000e\000r\000m\000i\000n\000i\000n\000g\000\040\000t\000h\000e\000\040\000p\000h\000y\000s\000i\000c\000s\000\040\000o\000f\000\040\000t\000h\000e\000\040\000p\000r\000o\000b\000l\000e\000m}{section*.1}% 6
\BOOKMARK [2][-]{section*.7}{\376\377\000D\000e\000g\000r\000e\000e\000\040\000o\000f\000\040\000c\000o\000m\000p\000e\000n\000s\000a\000t\000i\000o\000n\000:\000\040\000a\000\040\000m\000e\000a\000s\000u\000r\000e\000\040\000o\000f\000\040\000t\000h\000e\000\040\000f\000r\000u\000s\000t\000r\000a\000t\000i\000o\000n}{section*.6}% 7
\BOOKMARK [1][-]{section*.8}{\376\377\000P\000a\000r\000i\000t\000y\000\040\000o\000p\000e\000r\000a\000t\000o\000r\000s\000\040\000a\000n\000d\000\040\000i\000m\000p\000u\000r\000i\000t\000y\000\040\000m\000a\000g\000n\000e\000t\000i\000z\000a\000t\000i\000o\000n}{section*.1}% 8
\BOOKMARK [2][-]{section*.9}{\376\377\000A\000c\000t\000i\000o\000n\000\040\000o\000f\000\040\000x}{section*.8}% 9
\BOOKMARK [2][-]{section*.10}{\376\377\000I\000m\000p\000u\000r\000i\000t\000y\000\040\000m\000a\000g\000n\000e\000t\000i\000z\000a\000t\000i\000o\000n\000\040\000a\000l\000o\000n\000g\000\040\000x\000\040\000i\000n\000\040\000t\000e\000r\000m\000s\000\040\000o\000f\000\040\000m\000a\000t\000r\000i\000x\000\040\000e\000l\000e\000m\000e\000n\000t\000s\000\040\000o\000f\000\040\000t\000h\000e\000\040\000s\000t\000r\000i\000n\000g\000\040\000o\000p\000e\000r\000a\000t\000o\000r\000\040\000x}{section*.8}% 10
\BOOKMARK [2][-]{section*.11}{\376\377\000C\000o\000n\000s\000t\000r\000a\000i\000n\000t\000\040\000o\000n\000\040\000m\000a\000g\000n\000e\000t\000i\000z\000a\000t\000i\000o\000n\000\040\000v\000a\000l\000u\000e\000s}{section*.8}% 11
\BOOKMARK [1][-]{section*.12}{\376\377\000U\000R\000G\000\040\000e\000q\000u\000a\000t\000i\000o\000n\000s\000\040\000f\000o\000r\000\040\000t\000h\000e\000\040\000m\000u\000l\000t\000i\000-\000c\000h\000a\000n\000n\000e\000l\000\040\000K\000o\000n\000d\000o\000\040\000m\000o\000d\000e\000l}{section*.1}% 12
\BOOKMARK [2][-]{section*.13}{\376\377\000U\000R\000G\000\040\000p\000r\000o\000c\000e\000d\000u\000r\000e}{section*.12}% 13
\BOOKMARK [2][-]{section*.14}{\376\377\000P\000a\000r\000t\000i\000c\000l\000e\000\040\000s\000e\000c\000t\000o\000r\000\040\000r\000e\000n\000o\000r\000m\000a\000l\000i\000z\000a\000t\000i\000o\000n}{section*.12}% 14
\BOOKMARK [2][-]{section*.15}{\376\377\000H\000o\000l\000e\000\040\000s\000e\000c\000t\000o\000r\000\040\000r\000e\000n\000o\000r\000m\000a\000l\000i\000z\000a\000t\000i\000o\000n}{section*.12}% 15
\BOOKMARK [2][-]{section*.16}{\376\377\000T\000o\000t\000a\000l\000\040\000r\000e\000n\000o\000r\000m\000a\000l\000i\000z\000a\000t\000i\000o\000n\000\040\000H\000\050\0003\000\051}{section*.12}% 16
\BOOKMARK [1][-]{section*.17}{\376\377\000E\000f\000f\000e\000c\000t\000\040\000o\000f\000\040\000a\000n\000i\000s\000o\000t\000r\000o\000p\000y\000\040\000o\000n\000\040\000R\000G\000\040\000f\000l\000o\000w\000s}{section*.1}% 17
\BOOKMARK [1][-]{section*.18}{\376\377\000U\000R\000G\000\040\000e\000q\000u\000a\000t\000i\000o\000n\000s\000\040\000f\000o\000r\000\040\000t\000h\000e\000\040\000o\000v\000e\000r\000s\000c\000r\000e\000e\000n\000e\000d\000\040\000s\000p\000i\000n\000-\000S\000\040\000m\000u\000l\000t\000i\000-\000c\000h\000a\000n\000n\000e\000l\000\040\000K\000o\000n\000d\000o\000\040\000m\000o\000d\000e\000l}{section*.1}% 18
\BOOKMARK [1][-]{section*.37}{\376\377\000R\000G\000\040\000f\000l\000o\000w\000\040\000o\000f\000\040\000a\000x\000i\000s\000\040\000a\000n\000i\000s\000o\000t\000r\000o\000p\000y\000\040\000t\000e\000r\000m}{section*.1}% 19
\BOOKMARK [1][-]{section*.47}{\376\377\000D\000u\000a\000l\000i\000t\000y\000\040\000i\000n\000\040\000t\000h\000e\000\040\000M\000C\000K\000\040\000m\000o\000d\000e\000l}{section*.1}% 20
\BOOKMARK [2][-]{section*.48}{\376\377\000P\000r\000e\000s\000e\000n\000c\000e\000\040\000o\000f\000\040\000a\000\040\000m\000a\000r\000g\000i\000n\000a\000l\000\040\000F\000e\000r\000m\000i\000\040\000l\000i\000q\000u\000i\000d\000:\000\040\000O\000r\000t\000h\000o\000g\000o\000n\000a\000l\000i\000t\000y\000\040\000c\000a\000t\000a\000s\000t\000r\000o\000p\000h\000e\000\040\000i\000n\000\040\000t\000w\000o\000-\000c\000h\000a\000n\000n\000e\000l\000\040\000M\000C\000K\000\040\000m\000o\000d\000e\000l}{section*.47}% 21
\BOOKMARK [1][-]{section*.49}{\376\377\000E\000f\000f\000e\000c\000t\000i\000v\000e\000\040\000H\000a\000m\000i\000l\000t\000o\000n\000i\000a\000n\000\040\000f\000o\000r\000\040\000l\000o\000w\000-\000e\000n\000e\000r\000g\000y\000\040\000e\000x\000c\000i\000t\000a\000t\000i\000o\000n\000s\000:\000\040\000k\000-\000s\000p\000a\000c\000e}{section*.1}% 22
\BOOKMARK [1][-]{section*.50}{\376\377\000I\000m\000p\000u\000r\000i\000t\000y\000\040\000s\000u\000s\000c\000e\000p\000t\000i\000b\000i\000l\000i\000t\000y\000\040\000f\000r\000o\000m\000\040\000z\000e\000r\000o\000-\000m\000o\000d\000e\000\040\000f\000i\000x\000e\000d\000\040\000p\000o\000i\000n\000t\000\040\000H\000a\000m\000i\000l\000t\000o\000n\000i\000a\000n}{section*.1}% 23
\BOOKMARK [1][-]{section*.51}{\376\377\000B\000a\000t\000h\000\040\000S\000u\000s\000c\000e\000p\000t\000i\000b\000i\000l\000i\000t\000y\000\040\000f\000r\000o\000m\000\040\000z\000e\000r\000o\000-\000m\000o\000d\000e\000\040\000f\000i\000x\000e\000d\000\040\000p\000o\000i\000n\000t\000\040\000H\000a\000m\000i\000l\000t\000o\000n\000i\000a\000n}{section*.1}% 24
\BOOKMARK [1][-]{section*.52}{\376\377\000N\000o\000n\000-\000a\000n\000a\000l\000y\000t\000i\000c\000i\000t\000y\000\040\000i\000n\000\040\000t\000h\000e\000\040\000f\000r\000e\000e\000\040\000e\000n\000e\000r\000g\000y\000\040\000\050\000D\000i\000s\000c\000o\000n\000t\000i\000n\000u\000i\000t\000y\000\040\000i\000n\000\040\000m\000a\000g\000n\000e\000t\000i\000z\000a\000t\000i\000o\000n\000\051}{section*.1}% 25
\BOOKMARK [2][-]{section*.53}{\376\377\000F\000i\000e\000l\000d\000\040\000c\000o\000u\000p\000l\000e\000d\000\040\000t\000o\000\040\000i\000m\000p\000u\000r\000i\000t\000y}{section*.52}% 26
\BOOKMARK [2][-]{section*.54}{\376\377\000F\000i\000e\000l\000d\000\040\000c\000o\000u\000p\000l\000e\000d\000\040\000t\000o\000\040\000b\000a\000t\000h\000\040\000z\000e\000r\000o\000\040\000m\000o\000d\000e\000s}{section*.52}% 27
\BOOKMARK [2][-]{section*.55}{\376\377\000G\000l\000o\000b\000a\000l\000\040\000f\000i\000e\000l\000d}{section*.52}% 28
\BOOKMARK [1][-]{section*.56}{\376\377\000T\000h\000e\000r\000m\000a\000l\000\040\000e\000n\000t\000r\000o\000p\000y\000\040\000a\000t\000\040\000T\000=\0000}{section*.1}% 29
\BOOKMARK [1][-]{section*.57}{\376\377\000U\000R\000G\000\040\000e\000q\000u\000a\000t\000i\000o\000n\000s\000\040\000f\000o\000r\000\040\000t\000h\000e\000\040\000s\000i\000n\000g\000l\000e\000-\000c\000h\000a\000n\000n\000e\000l\000\040\000K\000o\000n\000d\000o\000\040\000m\000o\000d\000e\000l}{section*.1}% 30
\BOOKMARK [2][-]{section*.58}{\376\377\000P\000a\000r\000t\000i\000c\000l\000e\000\040\000s\000e\000c\000t\000o\000r}{section*.57}% 31
\BOOKMARK [2][-]{section*.59}{\376\377\000H\000o\000l\000e\000\040\000s\000e\000c\000t\000o\000r}{section*.57}% 32
\BOOKMARK [2][-]{section*.60}{\376\377\000S\000c\000a\000l\000i\000n\000g\000\040\000e\000q\000u\000a\000t\000i\000o\000n\000s}{section*.57}% 33
\BOOKMARK [1][-]{section*.61}{\376\377\000U\000R\000G\000\040\000e\000q\000u\000a\000t\000i\000o\000n\000s\000\040\000f\000o\000r\000\040\000t\000h\000e\000\040\000s\000i\000n\000g\000l\000e\000-\000c\000h\000a\000n\000n\000e\000l\000\040\000K\000o\000n\000d\000o\000\040\000m\000o\000d\000e\000l\000\040\000w\000i\000t\000h\000\040\000s\000p\000i\000n\000-\000S\000\040\000i\000m\000p\000u\000r\000i\000t\000y}{section*.1}% 34
\BOOKMARK [2][-]{section*.62}{\376\377\000P\000a\000r\000t\000i\000c\000l\000e\000\040\000s\000e\000c\000t\000o\000r}{section*.61}% 35
\BOOKMARK [2][-]{section*.70}{\376\377\000H\000o\000l\000e\000\040\000s\000e\000c\000t\000o\000r}{section*.61}% 36
\BOOKMARK [1][-]{section*.71}{\376\377\000R\000e\000f\000e\000r\000e\000n\000c\000e\000s}{section*.1}% 37
