This is pdfTeX, Version 3.141592653-2.6-1.40.23 (TeX Live 2021/Arch Linux) (preloaded format=pdflatex 2021.12.31)  31 DEC 2021 18:36
entering extended mode
 restricted \write18 enabled.
 file:line:error style messages enabled.
 %&-line parsing enabled.
**mck_urg.tex
(./mck_urg.tex
LaTeX2e <2021-11-15> patch level 1
L3 programming layer <2021-11-22> (/usr/share/texmf-dist/tex/latex/revtex/revtex4-2.cls
Document Class: revtex4-2 2020/10/03 4.2e (https://journals.aps.org/revtex/ for documentation)
 Copyright (c) 2019 American Physical Society.
 mailto:revtex@aps.org
 Licensed under the LPPL:
http://www.ctan.org/tex-archive/macros/latex/base/lppl.txt
 Arthur Ogawa <arthur_ogawa at sbcglobal dot net>
 Based on work by David Carlisle <david at dcarlisle.demon.co.uk>
 Version (4.2d,4.2e): Modified by Mark Doyle and Phelype Oleinik
 .
ltxutil[2020/10/03 4.2e utilities package (portions licensed from W. E. Baxter web at superscript.com)]
LaTeX Info: Redefining \@centercr on input line 356.
Class revtex4-2 Info: Repairing hyperref-unfriendly LaTeX definition of \mpfootnote on input line 481.
Class revtex4-2 Info: Repairing broken LateX \@sect on input line 803.
\intertabularlinepenalty=\count183
\@tbpen=\count184
\@arstrutbox@hline=\box50
Class revtex4-2 Info: Repairing broken LaTeX \@xbitor on input line 1834.
Class revtex4-2 Info: Making \typeout \long on input line 2099.
ltxfront[2020/10/03 4.2e frontmatter package (AO,DPC,MD)]
\c@affil=\count185
\c@collab=\count186
\absbox=\box51
ltxgrid[2020/10/03 4.2e page grid package (portions licensed from W. E. Baxter web at superscript.com)]
\c@linecount=\count187
\output@latex=\toks16
\box@size@1=\box52
\box@size@2=\box53
\@protection@box=\box54
\@topmark@saved=\toks17
\footins@saved=\box55
\footins@recovered=\box56
\column@recovered=\box57
\pagesofar=\box58
\footsofar=\box59
\pagegrid@col=\count188
Class revtex4-2 Info: Overriding \@vspace, \@vspacer, \@no@pgbk, \@newline, and \\  on input line 5665.
\c@part=\count189
\c@section=\count190
\c@subsection=\count191
\c@subsubsection=\count192
\c@paragraph=\count193
\c@subparagraph=\count194
\abovecaptionskip=\skip47
\belowcaptionskip=\skip48
\c@figure=\count195
\fbox@1=\box60
\c@table=\count196
\fbox@2=\box61
\c@video=\count197
\fbox@4=\box62
\@bibdataout=\write3
\widetext@top=\box63
\widetext@bot=\box64

Class revtex4-2 Warning: No Society specified, using default society aps.

(/usr/share/texmf-dist/tex/latex/revtex/aps4-2.rtx
File: aps4-2 2020/10/03 4.2e (https://journals.aps.org/revtex/ for documentation)
Class revtex4-2 Info: RevTeX society APS selected on input line 40.
)

Class revtex4-2 Warning: No journal specified, using default pra.

Class revtex4-2 Info: APS journal PRA selected on input line 7661.
(/usr/share/texmf-dist/tex/latex/revtex/aps12pt4-2.rtx
File: aps12pt4-2 2020/10/03 4.2e (https://journals.aps.org/revtex/ for documentation)
Class revtex4-2 Info: RevTeX pointsize 12pt selected on input line 39.
) (/usr/share/texmf-dist/tex/latex/textcase/textcase.sty
Package: textcase 2019/09/14 v1.00 Text only upper/lower case changing (DPC)
) (/usr/share/texmf-dist/tex/latex/url/url.sty
\Urlmuskip=\muskip16
Package: url 2013/09/16  ver 3.4  Verb mode for urls, etc.
) (/usr/share/texmf-dist/tex/latex/natbib/natbib.sty
Package: natbib 2010/09/13 8.31b (PWD, AO)
\bibhang=\skip49
\bibsep=\skip50
LaTeX Info: Redefining \cite on input line 694.
\c@NAT@ctr=\count198
)
Class revtex4-2 Info: Repairing natbib's \BibitemShut on input line 7665.
 (/usr/share/texmf-dist/tex/latex/revtex/revsymb4-2.sty
Package: revsymb4-2 2020/10/03 4.2e (https://journals.aps.org/revtex/ for documentation)
LaTeX Info: Redefining \REV@mathfrak on input line 128.
)) (/usr/share/texmf-dist/tex/latex/braket/braket.sty) (/usr/share/texmf-dist/tex/latex/amsmath/amsmath.sty
Package: amsmath 2021/10/15 v2.17l AMS math features
\@mathmargin=\skip51

For additional information on amsmath, use the `?' option.
(/usr/share/texmf-dist/tex/latex/amsmath/amstext.sty
Package: amstext 2021/08/26 v2.01 AMS text
 (/usr/share/texmf-dist/tex/latex/amsmath/amsgen.sty
File: amsgen.sty 1999/11/30 v2.0 generic functions
\@emptytoks=\toks18
\ex@=\dimen138
)
LaTeX Info: Redefining \text on input line 28.
) (/usr/share/texmf-dist/tex/latex/amsmath/amsbsy.sty
Package: amsbsy 1999/11/29 v1.2d Bold Symbols
\pmbraise@=\dimen139
) (/usr/share/texmf-dist/tex/latex/amsmath/amsopn.sty
Package: amsopn 2021/08/26 v2.02 operator names
)
\inf@bad=\count199
LaTeX Info: Redefining \frac on input line 234.
\uproot@=\count266
\leftroot@=\count267
LaTeX Info: Redefining \overline on input line 399.
\classnum@=\count268
\DOTSCASE@=\count269
LaTeX Info: Redefining \ldots on input line 496.
LaTeX Info: Redefining \dots on input line 499.
LaTeX Info: Redefining \cdots on input line 620.
\Mathstrutbox@=\box65
\strutbox@=\box66
\big@size=\dimen140
LaTeX Font Info:    Redeclaring font encoding OML on input line 743.
LaTeX Font Info:    Redeclaring font encoding OMS on input line 744.
\macc@depth=\count270
\c@MaxMatrixCols=\count271
\dotsspace@=\muskip17
\c@parentequation=\count272
\dspbrk@lvl=\count273
\tag@help=\toks19
\row@=\count274
\column@=\count275
\maxfields@=\count276
\andhelp@=\toks20
\eqnshift@=\dimen141
\alignsep@=\dimen142
\tagshift@=\dimen143
\tagwidth@=\dimen144
\totwidth@=\dimen145
\lineht@=\dimen146
\@envbody=\toks21
\multlinegap=\skip52
\multlinetaggap=\skip53
\mathdisplay@stack=\toks22
LaTeX Info: Redefining \[ on input line 2938.
LaTeX Info: Redefining \] on input line 2939.
) (/usr/share/texmf-dist/tex/latex/amsfonts/amssymb.sty
Package: amssymb 2013/01/14 v3.01 AMS font symbols
 (/usr/share/texmf-dist/tex/latex/amsfonts/amsfonts.sty
Package: amsfonts 2013/01/14 v3.01 Basic AMSFonts support
\symAMSa=\mathgroup4
\symAMSb=\mathgroup5
LaTeX Font Info:    Redeclaring math symbol \hbar on input line 98.
LaTeX Font Info:    Overwriting math alphabet `\mathfrak' in version `bold'
(Font)                  U/euf/m/n --> U/euf/b/n on input line 106.
LaTeX Info: Redefining \frak on input line 111.
LaTeX Info: Redefining \Bbb on input line 113.
)) (/usr/share/texmf-dist/tex/latex/graphics/graphicx.sty
Package: graphicx 2021/09/16 v1.2d Enhanced LaTeX Graphics (DPC,SPQR)
 (/usr/share/texmf-dist/tex/latex/graphics/keyval.sty
Package: keyval 2014/10/28 v1.15 key=value parser (DPC)
\KV@toks@=\toks23
) (/usr/share/texmf-dist/tex/latex/graphics/graphics.sty
Package: graphics 2021/03/04 v1.4d Standard LaTeX Graphics (DPC,SPQR)
 (/usr/share/texmf-dist/tex/latex/graphics/trig.sty
Package: trig 2021/08/11 v1.11 sin cos tan (DPC)
) (/usr/share/texmf-dist/tex/latex/graphics-cfg/graphics.cfg
File: graphics.cfg 2016/06/04 v1.11 sample graphics configuration
)
Package graphics Info: Driver file: pdftex.def on input line 107.
 (/usr/share/texmf-dist/tex/latex/graphics-def/pdftex.def
File: pdftex.def 2020/10/05 v1.2a Graphics/color driver for pdftex
))
\Gin@req@height=\dimen147
\Gin@req@width=\dimen148
) (/usr/share/texmf-dist/tex/latex/float/float.sty
Package: float 2001/11/08 v1.3d Float enhancements (AL)
\c@float@type=\count277
\float@exts=\toks24
\float@box=\box67
\@float@everytoks=\toks25
\@floatcapt=\box68
) (/usr/share/texmf-dist/tex/latex/paralist/paralist.sty
Package: paralist 2017/01/22 v2.7 Extended list environments
\pltopsep=\skip54
\plpartopsep=\skip55
\plitemsep=\skip56
\plparsep=\skip57
\pl@lab=\toks26
) (/usr/share/texmf-dist/tex/latex/graphics/color.sty
Package: color 2021/12/07 v1.3c Standard LaTeX Color (DPC)
 (/usr/share/texmf-dist/tex/latex/graphics-cfg/color.cfg
File: color.cfg 2016/01/02 v1.6 sample color configuration
)
Package color Info: Driver file: pdftex.def on input line 149.
) (/usr/share/texmf-dist/tex/latex/hyperref/hyperref.sty
Package: hyperref 2021-06-07 v7.00m Hypertext links for LaTeX
 (/usr/share/texmf-dist/tex/generic/ltxcmds/ltxcmds.sty
Package: ltxcmds 2020-05-10 v1.25 LaTeX kernel commands for general use (HO)
) (/usr/share/texmf-dist/tex/generic/iftex/iftex.sty
Package: iftex 2020/03/06 v1.0d TeX engine tests
) (/usr/share/texmf-dist/tex/generic/pdftexcmds/pdftexcmds.sty
Package: pdftexcmds 2020-06-27 v0.33 Utility functions of pdfTeX for LuaTeX (HO)
 (/usr/share/texmf-dist/tex/generic/infwarerr/infwarerr.sty
Package: infwarerr 2019/12/03 v1.5 Providing info/warning/error messages (HO)
)
Package pdftexcmds Info: \pdf@primitive is available.
Package pdftexcmds Info: \pdf@ifprimitive is available.
Package pdftexcmds Info: \pdfdraftmode found.
) (/usr/share/texmf-dist/tex/generic/kvsetkeys/kvsetkeys.sty
Package: kvsetkeys 2019/12/15 v1.18 Key value parser (HO)
) (/usr/share/texmf-dist/tex/generic/kvdefinekeys/kvdefinekeys.sty
Package: kvdefinekeys 2019-12-19 v1.6 Define keys (HO)
) (/usr/share/texmf-dist/tex/generic/pdfescape/pdfescape.sty
Package: pdfescape 2019/12/09 v1.15 Implements pdfTeX's escape features (HO)
) (/usr/share/texmf-dist/tex/latex/hycolor/hycolor.sty
Package: hycolor 2020-01-27 v1.10 Color options for hyperref/bookmark (HO)
) (/usr/share/texmf-dist/tex/latex/letltxmacro/letltxmacro.sty
Package: letltxmacro 2019/12/03 v1.6 Let assignment for LaTeX macros (HO)
) (/usr/share/texmf-dist/tex/latex/auxhook/auxhook.sty
Package: auxhook 2019-12-17 v1.6 Hooks for auxiliary files (HO)
) (/usr/share/texmf-dist/tex/latex/kvoptions/kvoptions.sty
Package: kvoptions 2020-10-07 v3.14 Key value format for package options (HO)
)
\@linkdim=\dimen149
\Hy@linkcounter=\count278
\Hy@pagecounter=\count279
 (/usr/share/texmf-dist/tex/latex/hyperref/pd1enc.def
File: pd1enc.def 2021-06-07 v7.00m Hyperref: PDFDocEncoding definition (HO)
Now handling font encoding PD1 ...
... no UTF-8 mapping file for font encoding PD1
) (/usr/share/texmf-dist/tex/latex/hyperref/hyperref-langpatches.def
File: hyperref-langpatches.def 2021-06-07 v7.00m Hyperref: patches for babel languages
) (/usr/share/texmf-dist/tex/generic/intcalc/intcalc.sty
Package: intcalc 2019/12/15 v1.3 Expandable calculations with integers (HO)
) (/usr/share/texmf-dist/tex/generic/etexcmds/etexcmds.sty
Package: etexcmds 2019/12/15 v1.7 Avoid name clashes with e-TeX commands (HO)
)
\Hy@SavedSpaceFactor=\count280
 (/usr/share/texmf-dist/tex/latex/hyperref/puenc.def
File: puenc.def 2021-06-07 v7.00m Hyperref: PDF Unicode definition (HO)
Now handling font encoding PU ...
... no UTF-8 mapping file for font encoding PU
)
Package hyperref Info: Hyper figures OFF on input line 4192.
Package hyperref Info: Link nesting OFF on input line 4197.
Package hyperref Info: Hyper index ON on input line 4200.
Package hyperref Info: Plain pages OFF on input line 4207.
Package hyperref Info: Backreferencing OFF on input line 4212.
Package hyperref Info: Implicit mode ON; LaTeX internals redefined.
Package hyperref Info: Bookmarks ON on input line 4445.
LaTeX Info: Redefining \href on input line 4715.
\c@Hy@tempcnt=\count281
LaTeX Info: Redefining \url on input line 4804.
\XeTeXLinkMargin=\dimen150
 (/usr/share/texmf-dist/tex/generic/bitset/bitset.sty
Package: bitset 2019/12/09 v1.3 Handle bit-vector datatype (HO)
 (/usr/share/texmf-dist/tex/generic/bigintcalc/bigintcalc.sty
Package: bigintcalc 2019/12/15 v1.5 Expandable calculations on big integers (HO)
))
\Fld@menulength=\count282
\Field@Width=\dimen151
\Fld@charsize=\dimen152
Package hyperref Info: Hyper figures OFF on input line 6076.
Package hyperref Info: Link nesting OFF on input line 6081.
Package hyperref Info: Hyper index ON on input line 6084.
Package hyperref Info: backreferencing OFF on input line 6091.
Package hyperref Info: Link coloring OFF on input line 6096.
Package hyperref Info: Link coloring with OCG OFF on input line 6101.
Package hyperref Info: PDF/A mode OFF on input line 6106.
LaTeX Info: Redefining \ref on input line 6146.
LaTeX Info: Redefining \pageref on input line 6150.

(/usr/share/texmf-dist/tex/latex/base/atbegshi-ltx.sty
Package: atbegshi-ltx 2021/01/10 v1.0c Emulation of the original atbegshi
package with kernel methods
)
\Hy@abspage=\count283
\c@Item=\count284
\c@Hfootnote=\count285
)
Package hyperref Info: Driver (autodetected): hpdftex.
 (/usr/share/texmf-dist/tex/latex/hyperref/hpdftex.def
File: hpdftex.def 2021-06-07 v7.00m Hyperref driver for pdfTeX
 (/usr/share/texmf-dist/tex/latex/base/atveryend-ltx.sty
Package: atveryend-ltx 2020/08/19 v1.0a Emulation of the original atveryend package
with kernel methods
)
\Fld@listcount=\count286
\c@bookmark@seq@number=\count287
 (/usr/share/texmf-dist/tex/latex/rerunfilecheck/rerunfilecheck.sty
Package: rerunfilecheck 2019/12/05 v1.9 Rerun checks for auxiliary files (HO)
 (/usr/share/texmf-dist/tex/generic/uniquecounter/uniquecounter.sty
Package: uniquecounter 2019/12/15 v1.4 Provide unlimited unique counter (HO)
)
Package uniquecounter Info: New unique counter `rerunfilecheck' on input line 286.
)
\Hy@SectionHShift=\skip58
)
Class revtex4-2 Info: Unrecognized LaTeX tabular. Please update this document class! (Proceeding with fingers crossed.) on input line 5.


Class revtex4-2 Warning: Repair the float package.

Class revtex4-2 Info: cite was not loaded (OK!) on input line 5.
Class revtex4-2 Info: mcite was not loaded (OK!) on input line 5.
Class revtex4-2 Info: multicol was not loaded (OK!) on input line 5.
(/usr/share/texmf-dist/tex/latex/l3backend/l3backend-pdftex.def
File: l3backend-pdftex.def 2021-12-14 L3 backend support: PDF output (pdfTeX)
\l__color_backend_stack_int=\count288
\l__pdf_internal_box=\box69
) (./mck_urg.aux)
\openout1 = `mck_urg.aux'.

LaTeX Font Info:    Checking defaults for OML/cmm/m/it on input line 5.
LaTeX Font Info:    ... okay on input line 5.
LaTeX Font Info:    Checking defaults for OMS/cmsy/m/n on input line 5.
LaTeX Font Info:    ... okay on input line 5.
LaTeX Font Info:    Checking defaults for OT1/cmr/m/n on input line 5.
LaTeX Font Info:    ... okay on input line 5.
LaTeX Font Info:    Checking defaults for T1/cmr/m/n on input line 5.
LaTeX Font Info:    ... okay on input line 5.
LaTeX Font Info:    Checking defaults for TS1/cmr/m/n on input line 5.
LaTeX Font Info:    ... okay on input line 5.
LaTeX Font Info:    Checking defaults for OMX/cmex/m/n on input line 5.
LaTeX Font Info:    ... okay on input line 5.
LaTeX Font Info:    Checking defaults for U/cmr/m/n on input line 5.
LaTeX Font Info:    ... okay on input line 5.
LaTeX Font Info:    Checking defaults for PD1/pdf/m/n on input line 5.
LaTeX Font Info:    ... okay on input line 5.
LaTeX Font Info:    Checking defaults for PU/pdf/m/n on input line 5.
LaTeX Font Info:    ... okay on input line 5.
 (/usr/share/texmf-dist/tex/context/base/mkii/supp-pdf.mkii
[Loading MPS to PDF converter (version 2006.09.02).]
\scratchcounter=\count289
\scratchdimen=\dimen153
\scratchbox=\box70
\nofMPsegments=\count290
\nofMParguments=\count291
\everyMPshowfont=\toks27
\MPscratchCnt=\count292
\MPscratchDim=\dimen154
\MPnumerator=\count293
\makeMPintoPDFobject=\count294
\everyMPtoPDFconversion=\toks28
) (/usr/share/texmf-dist/tex/latex/epstopdf-pkg/epstopdf-base.sty
Package: epstopdf-base 2020-01-24 v2.11 Base part for package epstopdf
Package epstopdf-base Info: Redefining graphics rule for `.eps' on input line 485.
 (/usr/share/texmf-dist/tex/latex/latexconfig/epstopdf-sys.cfg
File: epstopdf-sys.cfg 2010/07/13 v1.3 Configuration of (r)epstopdf for TeX Live
))
Package hyperref Info: Link coloring OFF on input line 5.
 (/usr/share/texmf-dist/tex/latex/hyperref/nameref.sty
Package: nameref 2021-04-02 v2.47 Cross-referencing by name of section
 (/usr/share/texmf-dist/tex/latex/refcount/refcount.sty
Package: refcount 2019/12/15 v3.6 Data extraction from label references (HO)
) (/usr/share/texmf-dist/tex/generic/gettitlestring/gettitlestring.sty
Package: gettitlestring 2019/12/15 v1.6 Cleanup title references (HO)
)
\c@section@level=\count295
)
LaTeX Info: Redefining \ref on input line 5.
LaTeX Info: Redefining \pageref on input line 5.
LaTeX Info: Redefining \nameref on input line 5.
 (./mck_urg.out) (./mck_urg.out)
\@outlinefile=\write4
\openout4 = `mck_urg.out'.

Class revtex4-2 Info: Taking \maketitle back from hyperref on input line 5.
\openout3 = `mck_urgNotes.bib'.



Class revtex4-2 Warning: Assuming \noaffiliation for authors.

(./mck_urg.toc
LaTeX Font Info:    Trying to load font information for U+msa on input line 11.
 (/usr/share/texmf-dist/tex/latex/amsfonts/umsa.fd
File: umsa.fd 2013/01/14 v3.01 AMS symbols A
)
LaTeX Font Info:    Trying to load font information for U+msb on input line 11.
 (/usr/share/texmf-dist/tex/latex/amsfonts/umsb.fd
File: umsb.fd 2013/01/14 v3.01 AMS symbols B
) [1{/var/lib/texmf/fonts/map/pdftex/updmap/pdftex.map}])
\tf@toc=\write5
\openout5 = `mck_urg.toc'.

 [2]
<./stargraph.pdf, id=227, 799.33322pt x 444.86888pt>
File: ./stargraph.pdf Graphic file (type pdf)
<use ./stargraph.pdf>
Package pdftex.def Info: ./stargraph.pdf  used on input line 50.
(pdftex.def)             Requested size: 140.40143pt x 78.13832pt.
 [3]
Overfull \hbox (24.04808pt too wide) detected at line 59
[]
 []

[4 <./stargraph.pdf>]
Overfull \hbox (67.71716pt too wide) detected at line 91
[]
 []

[5] [6] [7]
<./duality.pdf, id=298, 824.33594pt x 520.1323pt>
File: ./duality.pdf Graphic file (type pdf)
<use ./duality.pdf>
Package pdftex.def Info: ./duality.pdf  used on input line 107.
(pdftex.def)             Requested size: 210.59857pt x 132.88197pt.
 [8 <./duality.pdf>]
<../numerics/deg_of_comp.pdf, id=306, 982.28394pt x 781.24489pt>
File: ../numerics/deg_of_comp.pdf Graphic file (type pdf)
<use ../numerics/deg_of_comp.pdf>
Package pdftex.def Info: ../numerics/deg_of_comp.pdf  used on input line 129.
(pdftex.def)             Requested size: 210.59857pt x 167.48753pt.


Package hyperref Warning: Token not allowed in a PDF string (Unicode):
(hyperref)                removing `math shift' on input line 135.


Package hyperref Warning: Token not allowed in a PDF string (Unicode):
(hyperref)                removing `\pi' on input line 135.


Package hyperref Warning: Token not allowed in a PDF string (Unicode):
(hyperref)                removing `superscript' on input line 135.

[9]

Package amsmath Warning: Foreign command \atop;
(amsmath)                \frac or \genfrac should be used instead
(amsmath)                 on input line 149.


Overfull \hbox (85.15596pt too wide) detected at line 154
[]
 []

[10 <../numerics/deg_of_comp.pdf>]

Package hyperref Warning: Token not allowed in a PDF string (Unicode):
(hyperref)                removing `math shift' on input line 175.


Package hyperref Warning: Token not allowed in a PDF string (Unicode):
(hyperref)                removing `math shift' on input line 175.


Package hyperref Warning: Token not allowed in a PDF string (Unicode):
(hyperref)                removing `\pi' on input line 175.


Package hyperref Warning: Token not allowed in a PDF string (Unicode):
(hyperref)                removing `superscript' on input line 175.

[11]
Overfull \hbox (99.10794pt too wide) detected at line 191
[]
 []

[12]
Overfull \hbox (36.9301pt too wide) detected at line 224
[][][][]
 []

[13] [14]
Overfull \hbox (43.14983pt too wide) detected at line 274
[]
 []

[15]
Overfull \hbox (10.1397pt too wide) detected at line 301
[]
 []

[16] [17]
Overfull \hbox (3.9039pt too wide) detected at line 326
[]
 []


Overfull \hbox (25.94595pt too wide) detected at line 340
[][][][]
 []


Overfull \hbox (79.30621pt too wide) detected at line 344
[][][][]
 []

[18]

Package hyperref Warning: Token not allowed in a PDF string (Unicode):
(hyperref)                removing `math shift' on input line 360.


Package hyperref Warning: Token not allowed in a PDF string (Unicode):
(hyperref)                removing `\Delta' on input line 360.


Package hyperref Warning: Token not allowed in a PDF string (Unicode):
(hyperref)                removing `superscript' on input line 360.

<rg_flow_pms.pdf, id=439, 358.06793pt x 72.74786pt>
File: rg_flow_pms.pdf Graphic file (type pdf)
<use rg_flow_pms.pdf>
Package pdftex.def Info: rg_flow_pms.pdf  used on input line 390.
(pdftex.def)             Requested size: 187.19714pt x 38.03223pt.
<./rg_flow.pdf, id=441, 763.4733pt x 129.39258pt>
File: ./rg_flow.pdf Graphic file (type pdf)
<use ./rg_flow.pdf>
Package pdftex.def Info: ./rg_flow.pdf  used on input line 396.
(pdftex.def)             Requested size: 327.59857pt x 55.51924pt.
[19 <./rg_flow_pms.pdf>]
<../numerics/rg_flow_K=2.pdf, id=458, 1209.59888pt x 557.45404pt>
File: ../numerics/rg_flow_K=2.pdf Graphic file (type pdf)
<use ../numerics/rg_flow_K=2.pdf>
Package pdftex.def Info: ../numerics/rg_flow_K=2.pdf  used on input line 412.
(pdftex.def)             Requested size: 374.40143pt x 172.54527pt.
<../numerics/rhomin_D.pdf, id=460, 771.5256pt x 551.3432pt>
File: ../numerics/rhomin_D.pdf Graphic file (type pdf)
<use ../numerics/rhomin_D.pdf>
Package pdftex.def Info: ../numerics/rhomin_D.pdf  used on input line 420.
(pdftex.def)             Requested size: 234.0pt x 167.22139pt.
 [20 <./rg_flow.pdf> <../numerics/rg_flow_K=2.pdf>] [21 <../numerics/rhomin_D.pdf>]
Overfull \hbox (4.63226pt too wide) detected at line 449
[]
 []

[22]
<../numerics/K to K-1.pdf, id=528, 678.60606pt x 542.01183pt>
File: ../numerics/K to K-1.pdf Graphic file (type pdf)
<use ../numerics/K to K-1.pdf>
Package pdftex.def Info: ../numerics/K to K-1.pdf  used on input line 480.
(pdftex.def)             Requested size: 187.19714pt x 149.51271pt.
<../numerics/irr_Jp_K=3.pdf, id=530, 680.40454pt x 542.01183pt>
File: ../numerics/irr_Jp_K=3.pdf Graphic file (type pdf)
<use ../numerics/irr_Jp_K=3.pdf>
Package pdftex.def Info: ../numerics/irr_Jp_K=3.pdf  used on input line 488.
(pdftex.def)             Requested size: 210.59857pt x 167.76553pt.
<../numerics/irr_Jp_K=50.pdf, id=531, 711.36125pt x 542.01183pt>
File: ../numerics/irr_Jp_K=50.pdf Graphic file (type pdf)
<use ../numerics/irr_Jp_K=50.pdf>
Package pdftex.def Info: ../numerics/irr_Jp_K=50.pdf  used on input line 489.
(pdftex.def)             Requested size: 210.59857pt x 160.45448pt.


Package hyperref Warning: Token not allowed in a PDF string (Unicode):
(hyperref)                removing `math shift' on input line 494.

[23] [24 <../numerics/K to K-1.pdf> <../numerics/irr_Jp_K=3.pdf> <../numerics/irr_Jp_K=50.pdf>]
Overfull \hbox (73.3584pt too wide) detected at line 511
[][][][]
 []

[25pdfTeX warning (ext4): destination with the same identifier (name{equation.8.97}) has been already used, duplicate ignored
<argument> ...shipout:D \box_use:N \l_shipout_box 
                                                  \__shipout_drop_firstpage_...
l.537 W
       e will only calculate the terms in the particle sector, the ones in h...] [26]
Overfull \hbox (35.2753pt too wide) detected at line 627
[][][][]
 []

[27]
Overfull \hbox (14.99936pt too wide) detected at line 636
[][][][]
 []

[28]

Package hyperref Warning: Token not allowed in a PDF string (Unicode):
(hyperref)                removing `math shift' on input line 660.


Package hyperref Warning: Token not allowed in a PDF string (Unicode):
(hyperref)                removing `subscript' on input line 660.


Overfull \hbox (83.73302pt too wide) detected at line 664
[][][][]
 []


Overfull \hbox (85.73299pt too wide) detected at line 680
[][][][]
 []

[29]

Package hyperref Warning: Token not allowed in a PDF string (Unicode):
(hyperref)                removing `math shift' on input line 699.


Package hyperref Warning: Token not allowed in a PDF string (Unicode):
(hyperref)                removing `subscript' on input line 699.


Overfull \hbox (98.62126pt too wide) detected at line 709
[][][][]
 []

[30] [31] [32]
<./duality2.pdf, id=698, 336.2832pt x 224.52461pt>
File: ./duality2.pdf Graphic file (type pdf)
<use ./duality2.pdf>
Package pdftex.def Info: ./duality2.pdf  used on input line 773.
(pdftex.def)             Requested size: 210.59857pt x 140.60844pt.
 [33 <./duality2.pdf>] [34] [35]

Package hyperref Warning: Token not allowed in a PDF string (Unicode):
(hyperref)                removing `math shift' on input line 835.

[36]
Overfull \hbox (112.7878pt too wide) detected at line 857
[]
 []

[37]
Overfull \hbox (21.8524pt too wide) detected at line 869
[]
 []

[38] [39]
Overfull \hbox (129.682pt too wide) detected at line 930
[]
 []


Overfull \hbox (18.06598pt too wide) detected at line 938
[]
 []


Overfull \hbox (92.87271pt too wide) detected at line 945
[]
 []

[40]
Overfull \hbox (54.87901pt too wide) detected at line 958
[]
 []

[41]
Overfull \hbox (36.89967pt too wide) in paragraph at lines 966--969
\OT1/cmr/m/n/12 two-channel prob-lem, we have four pos-si-ble states in to-tal: $[] = []$.
 []


Overfull \hbox (74.7967pt too wide) detected at line 985
[]
 []

[42]
Overfull \hbox (54.20088pt too wide) detected at line 1008
[]
 []

[43] [44]
Overfull \hbox (55.44424pt too wide) detected at line 1063
[]
 []

[45]
Overfull \hbox (115.76431pt too wide) detected at line 1073
[]
 []

<../numerics/chi_mchannel.pdf, id=907, 985.45987pt x 660.47093pt>
File: ../numerics/chi_mchannel.pdf Graphic file (type pdf)
<use ../numerics/chi_mchannel.pdf>
Package pdftex.def Info: ../numerics/chi_mchannel.pdf  used on input line 1077.
(pdftex.def)             Requested size: 374.40143pt x 250.93117pt.
[46] [47 <../numerics/chi_mchannel.pdf>]
Overfull \hbox (111.48521pt too wide) detected at line 1133
[]
 []

[48]
Overfull \hbox (121.58122pt too wide) detected at line 1152
[]
 []

[49] [50] [51]
<../numerics/disc_mag_imp.pdf, id=1004, 1069.99345pt x 665.49458pt>
File: ../numerics/disc_mag_imp.pdf Graphic file (type pdf)
<use ../numerics/disc_mag_imp.pdf>
Package pdftex.def Info: ../numerics/disc_mag_imp.pdf  used on input line 1203.
(pdftex.def)             Requested size: 280.80286pt x 174.64925pt.

Overfull \hbox (153.70235pt too wide) in paragraph at lines 1207--1208
\OT1/cmr/m/n/12 In-stead, if we look at the case of $\OML/cmm/m/it/12 K \OT1/cmr/m/n/12 = 1$, the ground state is in the sub-space of $[] \OML/cmm/m/it/12 ; []$\OT1/cmr/m/n/12 ,
 []

[52 <../numerics/disc_mag_imp.pdf>]
<../numerics/disc_mag_bath.pdf, id=1030, 988.73523pt x 627.75024pt>
File: ../numerics/disc_mag_bath.pdf Graphic file (type pdf)
<use ../numerics/disc_mag_bath.pdf>
Package pdftex.def Info: ../numerics/disc_mag_bath.pdf  used on input line 1239.
(pdftex.def)             Requested size: 280.80286pt x 178.27849pt.
 [53] [54 <../numerics/disc_mag_bath.pdf>]
<../numerics/disc_mag_global.pdf, id=1063, 1010.65335pt x 627.75024pt>
File: ../numerics/disc_mag_global.pdf Graphic file (type pdf)
<use ../numerics/disc_mag_global.pdf>
Package pdftex.def Info: ../numerics/disc_mag_global.pdf  used on input line 1285.
(pdftex.def)             Requested size: 280.80286pt x 174.41827pt.


Package hyperref Warning: Token not allowed in a PDF string (Unicode):
(hyperref)                removing `math shift' on input line 1289.

[55 <../numerics/disc_mag_global.pdf>]
<../numerics/entropy_comparison.pdf, id=1097, 1033.4698pt x 769.15677pt>
File: ../numerics/entropy_comparison.pdf Graphic file (type pdf)
<use ../numerics/entropy_comparison.pdf>
Package pdftex.def Info: ../numerics/entropy_comparison.pdf  used on input line 1307.
(pdftex.def)             Requested size: 234.0pt x 174.15602pt.
 [56] [57 <../numerics/entropy_comparison.pdf>]
Overfull \hbox (11.17227pt too wide) detected at line 1343
[]
 []


Overfull \hbox (11.28894pt too wide) detected at line 1347
[]
 []

[58]

Package hyperref Warning: Token not allowed in a PDF string (Unicode):
(hyperref)                removing `math shift' on input line 1388.

[59]
Overfull \hbox (0.77745pt too wide) detected at line 1412
[][][][]
 []


Overfull \hbox (11.95682pt too wide) detected at line 1417
[][][][]
 []


Overfull \hbox (32.38649pt too wide) detected at line 1427
[][][][]
 []

[60]
Overfull \hbox (32.38649pt too wide) detected at line 1432
[][][][]
 []

[61] (./mck_urg.bbl [62]
Underfull \hbox (badness 6396) in paragraph at lines 377--384
[]\OT1/cmr/m/n/10.95 K. Ya-mada and K. Yosida, []Progress of The-o-ret-i-cal Physics \OT1/cmr/bx/n/10.95 59\OT1/cmr/m/n/10.95 , 1061 (1978)[],
 []

[63]
Underfull \hbox (badness 6300) in paragraph at lines 412--418
[]\OT1/cmr/m/n/10.95 A. V. Rozhkov, []In-ter-na-tional Jour-nal of Mod-ern Physics B \OT1/cmr/bx/n/10.95 12\OT1/cmr/m/n/10.95 , 3457 (1998)[],
 []

) [64] (./mck_urg.aux)
Package rerunfilecheck Info: File `mck_urg.out' has not changed.
(rerunfilecheck)             Checksum: 0C7CC95425280DD33B9540661CF3E3D6;9701.
 ) 
Here is how much of TeX's memory you used:
 12462 strings out of 478353
 188925 string characters out of 5854634
 526241 words of memory out of 5000000
 29891 multiletter control sequences out of 15000+600000
 411930 words of font info for 58 fonts, out of 8000000 for 9000
 1141 hyphenation exceptions out of 8191
 60i,17n,63p,2029b,598s stack positions out of 5000i,500n,10000p,200000b,80000s
</usr/share/texmf-dist/fonts/type1/public/amsfonts/cm/cmbx10.pfb></usr/share/texmf-dist/fonts/type1/public/amsfonts/cm/cmbx12.pfb></usr/share/texmf-dist/fonts/type1/public/amsfonts/cm/cmex10.pfb></usr/share/texmf-dist/fonts/type1/public/amsfonts/cmextra/cmex7.pfb></usr/share/texmf-dist/fonts/type1/public/amsfonts/cmextra/cmex8.pfb></usr/share/texmf-dist/fonts/type1/public/amsfonts/cm/cmmi10.pfb></usr/share/texmf-dist/fonts/type1/public/amsfonts/cm/cmmi12.pfb></usr/share/texmf-dist/fonts/type1/public/amsfonts/cm/cmmi6.pfb></usr/share/texmf-dist/fonts/type1/public/amsfonts/cm/cmmi8.pfb></usr/share/texmf-dist/fonts/type1/public/amsfonts/cm/cmr10.pfb></usr/share/texmf-dist/fonts/type1/public/amsfonts/cm/cmr12.pfb></usr/share/texmf-dist/fonts/type1/public/amsfonts/cm/cmr17.pfb></usr/share/texmf-dist/fonts/type1/public/amsfonts/cm/cmr6.pfb></usr/share/texmf-dist/fonts/type1/public/amsfonts/cm/cmr8.pfb></usr/share/texmf-dist/fonts/type1/public/amsfonts/cm/cmss17.pfb></usr/share/texmf-dist/fonts/type1/public/amsfonts/cm/cmsy10.pfb></usr/share/texmf-dist/fonts/type1/public/amsfonts/cm/cmsy6.pfb></usr/share/texmf-dist/fonts/type1/public/amsfonts/cm/cmsy8.pfb></usr/share/texmf-dist/fonts/type1/public/amsfonts/cm/cmti10.pfb></usr/share/texmf-dist/fonts/type1/public/amsfonts/cm/cmti12.pfb></usr/share/texmf-dist/fonts/type1/public/amsfonts/cm/cmti7.pfb></usr/share/texmf-dist/fonts/type1/public/amsfonts/symbols/msbm10.pfb></usr/share/texmf-dist/fonts/type1/public/amsfonts/symbols/msbm7.pfb>
Output written on mck_urg.pdf (64 pages, 853599 bytes).
PDF statistics:
 1443 PDF objects out of 1728 (max. 8388607)
 1281 compressed objects within 13 object streams
 532 named destinations out of 1000 (max. 500000)
 393 words of extra memory for PDF output out of 10000 (max. 10000000)

