\BOOKMARK [0][-]{section*.1}{\376\377\000M\000u\000l\000t\000i\000-\000c\000h\000a\000n\000n\000e\000l\000\040\000K\000o\000n\000d\000o\000\040\000m\000o\000d\000e\000l\000\040\000U\000R\000G}{}% 1
\BOOKMARK [1][-]{section*.2}{\376\377\000C\000o\000n\000t\000e\000n\000t\000s}{section*.1}% 2
\BOOKMARK [1][-]{section*.3}{\376\377\000I\000n\000t\000r\000o\000d\000u\000c\000t\000i\000o\000n\000\040\000o\000f\000\040\000t\000h\000e\000\040\000H\000a\000m\000i\000l\000t\000o\000n\000i\000a\000n\000\040\000a\000n\000d\000\040\000i\000t\000s\000\040\000z\000e\000r\000o\000\040\000m\000o\000d\000e}{section*.1}% 3
\BOOKMARK [1][-]{section*.4}{\376\377\000S\000y\000m\000m\000e\000t\000r\000i\000e\000s\000\040\000o\000f\000\040\000t\000h\000e\000\040\000s\000t\000a\000r\000\040\000g\000r\000a\000p\000h}{section*.1}% 4
\BOOKMARK [1][-]{section*.5}{\376\377\000E\000i\000g\000e\000n\000v\000a\000l\000u\000e\000s\000\040\000a\000n\000d\000\040\000e\000i\000g\000e\000n\000s\000t\000a\000t\000e\000s\000\040\000o\000f\000\040\000t\000h\000e\000\040\000s\000t\000a\000r\000\040\000g\000r\000a\000p\000h}{section*.1}% 5
\BOOKMARK [1][-]{section*.6}{\376\377\000I\000m\000p\000o\000r\000t\000a\000n\000c\000e\000\040\000o\000f\000\040\000t\000h\000e\000\040\000s\000t\000a\000r\000\040\000g\000r\000a\000p\000h\000\040\000i\000n\000\040\000d\000e\000t\000e\000r\000m\000i\000n\000i\000n\000g\000\040\000t\000h\000e\000\040\000p\000h\000y\000s\000i\000c\000s\000\040\000o\000f\000\040\000t\000h\000e\000\040\000p\000r\000o\000b\000l\000e\000m}{section*.1}% 6
\BOOKMARK [1][-]{section*.7}{\376\377\000P\000a\000r\000i\000t\000y\000\040\000o\000p\000e\000r\000a\000t\000o\000r\000s\000\040\000a\000n\000d\000\040\000t\000h\000e\000\040\000i\000m\000p\000u\000r\000i\000t\000y\000\040\000m\000a\000g\000n\000e\000t\000i\000z\000a\000t\000i\000o\000n}{section*.1}% 7
\BOOKMARK [1][-]{section*.8}{\376\377\000D\000e\000r\000i\000v\000a\000t\000i\000o\000n\000\040\000o\000f\000\040\000U\000R\000G\000\040\000e\000q\000u\000a\000t\000i\000o\000n\000s\000\040\000f\000o\000r\000\040\000t\000h\000e\000\040\000m\000u\000l\000t\000i\000-\000c\000h\000a\000n\000n\000e\000l\000\040\000K\000o\000n\000d\000o\000\040\000m\000o\000d\000e\000l}{section*.1}% 8
\BOOKMARK [2][-]{section*.9}{\376\377\000U\000R\000G\000\040\000p\000r\000o\000c\000e\000d\000u\000r\000e}{section*.8}% 9
\BOOKMARK [2][-]{section*.10}{\376\377\000L\000e\000a\000d\000i\000n\000g\000\040\000o\000r\000d\000e\000r\000\040\000r\000e\000n\000o\000r\000m\000a\000l\000i\000z\000a\000t\000i\000o\000n}{section*.8}% 10
\BOOKMARK [2][-]{section*.11}{\376\377\000N\000e\000x\000t\000-\000t\000o\000-\000l\000e\000a\000d\000i\000n\000g\000\040\000o\000r\000d\000e\000r\000\040\000r\000e\000n\000o\000r\000m\000a\000l\000i\000z\000a\000t\000i\000o\000n}{section*.8}% 11
\BOOKMARK [3][-]{section*.12}{\376\377\000C\000a\000l\000c\000u\000l\000a\000t\000i\000o\000n\000\040\000o\000f\000\040\000f\000i\000r\000s\000t\000\040\000t\000e\000r\000m}{section*.11}% 12
\BOOKMARK [3][-]{section*.13}{\376\377\000C\000a\000l\000c\000u\000l\000a\000t\000i\000o\000n\000\040\000o\000f\000\040\000s\000e\000c\000o\000n\000d\000\040\000t\000e\000r\000m}{section*.11}% 13
\BOOKMARK [2][-]{section*.14}{\376\377\000T\000o\000t\000a\000l\000\040\000r\000e\000n\000o\000r\000m\000a\000l\000i\000z\000a\000t\000i\000o\000n\000\040\000H\000\050\0003\000\051}{section*.8}% 14
\BOOKMARK [1][-]{section*.15}{\376\377\000E\000f\000f\000e\000c\000t\000\040\000o\000f\000\040\000a\000n\000i\000s\000o\000t\000r\000o\000p\000y\000\040\000o\000n\000\040\000R\000G\000\040\000f\000l\000o\000w\000s}{section*.1}% 15
\BOOKMARK [1][-]{section*.16}{\376\377\000M\000F\000L\000\040\000a\000n\000d\000\040\000o\000r\000t\000h\000o\000g\000o\000n\000a\000l\000i\000t\000y\000\040\000c\000a\000t\000a\000s\000t\000r\000o\000p\000h\000e\000\040\000i\000n\000\040\000l\000o\000w\000-\000e\000n\000e\000r\000g\000y\000\040\000e\000x\000c\000i\000t\000a\000t\000i\000o\000n\000s\000\040\000o\000f\000\040\0002\000-\000C\000K\000M}{section*.1}% 16
\BOOKMARK [1][-]{section*.17}{\376\377\000E\000f\000f\000e\000c\000t\000i\000v\000e\000\040\000H\000a\000m\000i\000l\000t\000o\000n\000i\000a\000n\000\040\000f\000o\000r\000\040\000l\000o\000w\000-\000e\000n\000e\000r\000g\000y\000\040\000e\000x\000c\000i\000t\000a\000t\000i\000o\000n\000s\000:\000\040\000k\000-\000s\000p\000a\000c\000e}{section*.1}% 17
\BOOKMARK [1][-]{section*.18}{\376\377\000I\000m\000p\000u\000r\000i\000t\000y\000\040\000s\000u\000s\000c\000e\000p\000t\000i\000b\000i\000l\000i\000t\000y\000\040\000f\000r\000o\000m\000\040\000z\000e\000r\000o\000-\000m\000o\000d\000e\000\040\000f\000i\000x\000e\000d\000\040\000p\000o\000i\000n\000t\000\040\000H\000a\000m\000i\000l\000t\000o\000n\000i\000a\000n}{section*.1}% 18
\BOOKMARK [1][-]{section*.19}{\376\377\000B\000a\000t\000h\000\040\000S\000u\000s\000c\000e\000p\000t\000i\000b\000i\000l\000i\000t\000y\000\040\000f\000r\000o\000m\000\040\000z\000e\000r\000o\000-\000m\000o\000d\000e\000\040\000f\000i\000x\000e\000d\000\040\000p\000o\000i\000n\000t\000\040\000H\000a\000m\000i\000l\000t\000o\000n\000i\000a\000n}{section*.1}% 19
\BOOKMARK [1][-]{section*.20}{\376\377\000N\000o\000n\000-\000a\000n\000a\000l\000y\000t\000i\000c\000i\000t\000y\000\040\000i\000n\000\040\000t\000h\000e\000\040\000f\000r\000e\000e\000\040\000e\000n\000e\000r\000g\000y}{section*.1}% 20
\BOOKMARK [1][-]{section*.21}{\376\377\000T\000h\000e\000r\000m\000a\000l\000\040\000e\000n\000t\000r\000o\000p\000y\000\040\000a\000t\000\040\000T\000=\0000}{section*.1}% 21
\BOOKMARK [1][-]{section*.22}{\376\377\000U\000R\000G\000\040\000e\000q\000u\000a\000t\000i\000o\000n\000s\000\040\000f\000o\000r\000\040\000t\000h\000e\000\040\000s\000i\000n\000g\000l\000e\000-\000c\000h\000a\000n\000n\000e\000l\000\040\000K\000o\000n\000d\000o\000\040\000m\000o\000d\000e\000l}{section*.1}% 22
\BOOKMARK [2][-]{section*.23}{\376\377\000P\000a\000r\000t\000i\000c\000l\000e\000\040\000s\000e\000c\000t\000o\000r}{section*.22}% 23
\BOOKMARK [2][-]{section*.24}{\376\377\000H\000o\000l\000e\000\040\000s\000e\000c\000t\000o\000r}{section*.22}% 24
\BOOKMARK [2][-]{section*.25}{\376\377\000S\000c\000a\000l\000i\000n\000g\000\040\000e\000q\000u\000a\000t\000i\000o\000n\000s}{section*.22}% 25
\BOOKMARK [1][-]{section*.26}{\376\377\000U\000R\000G\000\040\000e\000q\000u\000a\000t\000i\000o\000n\000s\000\040\000f\000o\000r\000\040\000t\000h\000e\000\040\000s\000i\000n\000g\000l\000e\000-\000c\000h\000a\000n\000n\000e\000l\000\040\000K\000o\000n\000d\000o\000\040\000m\000o\000d\000e\000l\000\040\000w\000i\000t\000h\000\040\000s\000p\000i\000n\000-\000S\000\040\000i\000m\000p\000u\000r\000i\000t\000y}{section*.1}% 26
\BOOKMARK [2][-]{section*.27}{\376\377\000P\000a\000r\000t\000i\000c\000l\000e\000\040\000s\000e\000c\000t\000o\000r}{section*.26}% 27
\BOOKMARK [1][-]{section*.36}{\376\377\000R\000e\000f\000e\000r\000e\000n\000c\000e\000s}{section*.1}% 28
